Analysis & Synthesis report for LinearModule
Sun Nov 02 06:33:35 2025
Quartus II 64-Bit Version 13.0.1 Build 232 06/12/2013 Service Pack 1 SJ Web Edition


---------------------
; Table of Contents ;
---------------------
  1. Legal Notice
  2. Analysis & Synthesis Summary
  3. Analysis & Synthesis Settings
  4. Parallel Compilation
  5. Analysis & Synthesis Source Files Read
  6. Analysis & Synthesis Resource Usage Summary
  7. Analysis & Synthesis Resource Utilization by Entity
  8. Analysis & Synthesis DSP Block Usage Summary
  9. Registers Removed During Synthesis
 10. General Register Statistics
 11. Multiplexer Restructuring Statistics (Restructuring Performed)
 12. Parameter Settings for Inferred Entity Instance: mul_acc_wide:pe0|lpm_mult:Mult0
 13. lpm_mult Parameter Settings by Entity Instance
 14. Elapsed Time Per Partition
 15. Analysis & Synthesis Messages



----------------
; Legal Notice ;
----------------
Copyright (C) 1991-2013 Altera Corporation
Your use of Altera Corporation's design tools, logic functions 
and other software and tools, and its AMPP partner logic 
functions, and any output files from any of the foregoing 
(including device programming or simulation files), and any 
associated documentation or information are expressly subject 
to the terms and conditions of the Altera Program License 
Subscription Agreement, Altera MegaCore Function License 
Agreement, or other applicable license agreement, including, 
without limitation, that your use is for the sole purpose of 
programming logic devices manufactured by Altera and sold by 
Altera or its authorized distributors.  Please refer to the 
applicable agreement for further details.



+--------------------------------------------------------------------------------------+
; Analysis & Synthesis Summary                                                         ;
+------------------------------------+-------------------------------------------------+
; Analysis & Synthesis Status        ; Successful - Sun Nov 02 06:33:35 2025           ;
; Quartus II 64-Bit Version          ; 13.0.1 Build 232 06/12/2013 SP 1 SJ Web Edition ;
; Revision Name                      ; LinearModule                                    ;
; Top-level Entity Name              ; linear                                          ;
; Family                             ; Cyclone II                                      ;
; Total logic elements               ; 754                                             ;
;     Total combinational functions  ; 418                                             ;
;     Dedicated logic registers      ; 501                                             ;
; Total registers                    ; 501                                             ;
; Total pins                         ; 252                                             ;
; Total virtual pins                 ; 0                                               ;
; Total memory bits                  ; 0                                               ;
; Embedded Multiplier 9-bit elements ; 2                                               ;
; Total PLLs                         ; 0                                               ;
+------------------------------------+-------------------------------------------------+


+----------------------------------------------------------------------------------------------------------------------+
; Analysis & Synthesis Settings                                                                                        ;
+----------------------------------------------------------------------------+--------------------+--------------------+
; Option                                                                     ; Setting            ; Default Value      ;
+----------------------------------------------------------------------------+--------------------+--------------------+
; Device                                                                     ; EP2C35F672C6       ;                    ;
; Top-level entity name                                                      ; linear             ; LinearModule       ;
; Family name                                                                ; Cyclone II         ; Cyclone IV GX      ;
; Use smart compilation                                                      ; Off                ; Off                ;
; Enable parallel Assembler and TimeQuest Timing Analyzer during compilation ; On                 ; On                 ;
; Enable compact report table                                                ; Off                ; Off                ;
; Restructure Multiplexers                                                   ; Auto               ; Auto               ;
; Create Debugging Nodes for IP Cores                                        ; Off                ; Off                ;
; Preserve fewer node names                                                  ; On                 ; On                 ;
; Disable OpenCore Plus hardware evaluation                                  ; Off                ; Off                ;
; Verilog Version                                                            ; Verilog_2001       ; Verilog_2001       ;
; VHDL Version                                                               ; VHDL_1993          ; VHDL_1993          ;
; State Machine Processing                                                   ; Auto               ; Auto               ;
; Safe State Machine                                                         ; Off                ; Off                ;
; Extract Verilog State Machines                                             ; On                 ; On                 ;
; Extract VHDL State Machines                                                ; On                 ; On                 ;
; Ignore Verilog initial constructs                                          ; Off                ; Off                ;
; Iteration limit for constant Verilog loops                                 ; 5000               ; 5000               ;
; Iteration limit for non-constant Verilog loops                             ; 250                ; 250                ;
; Add Pass-Through Logic to Inferred RAMs                                    ; On                 ; On                 ;
; Infer RAMs from Raw Logic                                                  ; On                 ; On                 ;
; Parallel Synthesis                                                         ; On                 ; On                 ;
; DSP Block Balancing                                                        ; Auto               ; Auto               ;
; NOT Gate Push-Back                                                         ; On                 ; On                 ;
; Power-Up Don't Care                                                        ; On                 ; On                 ;
; Remove Redundant Logic Cells                                               ; Off                ; Off                ;
; Remove Duplicate Registers                                                 ; On                 ; On                 ;
; Ignore CARRY Buffers                                                       ; Off                ; Off                ;
; Ignore CASCADE Buffers                                                     ; Off                ; Off                ;
; Ignore GLOBAL Buffers                                                      ; Off                ; Off                ;
; Ignore ROW GLOBAL Buffers                                                  ; Off                ; Off                ;
; Ignore LCELL Buffers                                                       ; Off                ; Off                ;
; Ignore SOFT Buffers                                                        ; On                 ; On                 ;
; Limit AHDL Integers to 32 Bits                                             ; Off                ; Off                ;
; Optimization Technique                                                     ; Balanced           ; Balanced           ;
; Carry Chain Length                                                         ; 70                 ; 70                 ;
; Auto Carry Chains                                                          ; On                 ; On                 ;
; Auto Open-Drain Pins                                                       ; On                 ; On                 ;
; Perform WYSIWYG Primitive Resynthesis                                      ; Off                ; Off                ;
; Auto ROM Replacement                                                       ; On                 ; On                 ;
; Auto RAM Replacement                                                       ; On                 ; On                 ;
; Auto Shift Register Replacement                                            ; Auto               ; Auto               ;
; Allow Shift Register Merging across Hierarchies                            ; Auto               ; Auto               ;
; Auto Clock Enable Replacement                                              ; On                 ; On                 ;
; Strict RAM Replacement                                                     ; Off                ; Off                ;
; Allow Synchronous Control Signals                                          ; On                 ; On                 ;
; Force Use of Synchronous Clear Signals                                     ; Off                ; Off                ;
; Auto RAM to Logic Cell Conversion                                          ; Off                ; Off                ;
; Auto Resource Sharing                                                      ; Off                ; Off                ;
; Allow Any RAM Size For Recognition                                         ; Off                ; Off                ;
; Allow Any ROM Size For Recognition                                         ; Off                ; Off                ;
; Allow Any Shift Register Size For Recognition                              ; Off                ; Off                ;
; Use LogicLock Constraints during Resource Balancing                        ; On                 ; On                 ;
; Ignore translate_off and synthesis_off directives                          ; Off                ; Off                ;
; Timing-Driven Synthesis                                                    ; Off                ; Off                ;
; Report Parameter Settings                                                  ; On                 ; On                 ;
; Report Source Assignments                                                  ; On                 ; On                 ;
; Report Connectivity Checks                                                 ; On                 ; On                 ;
; Ignore Maximum Fan-Out Assignments                                         ; Off                ; Off                ;
; Synchronization Register Chain Length                                      ; 2                  ; 2                  ;
; PowerPlay Power Optimization                                               ; Normal compilation ; Normal compilation ;
; HDL message level                                                          ; Level2             ; Level2             ;
; Suppress Register Optimization Related Messages                            ; Off                ; Off                ;
; Number of Removed Registers Reported in Synthesis Report                   ; 5000               ; 5000               ;
; Number of Swept Nodes Reported in Synthesis Report                         ; 5000               ; 5000               ;
; Number of Inverted Registers Reported in Synthesis Report                  ; 100                ; 100                ;
; Clock MUX Protection                                                       ; On                 ; On                 ;
; Auto Gated Clock Conversion                                                ; Off                ; Off                ;
; Block Design Naming                                                        ; Auto               ; Auto               ;
; SDC constraint protection                                                  ; Off                ; Off                ;
; Synthesis Effort                                                           ; Auto               ; Auto               ;
; Shift Register Replacement - Allow Asynchronous Clear Signal               ; On                 ; On                 ;
; Pre-Mapping Resynthesis Optimization                                       ; Off                ; Off                ;
; Analysis & Synthesis Message Level                                         ; Medium             ; Medium             ;
; Disable Register Merging Across Hierarchies                                ; Auto               ; Auto               ;
; Resource Aware Inference For Block RAM                                     ; On                 ; On                 ;
; Synthesis Seed                                                             ; 1                  ; 1                  ;
+----------------------------------------------------------------------------+--------------------+--------------------+


+------------------------------------------+
; Parallel Compilation                     ;
+----------------------------+-------------+
; Processors                 ; Number      ;
+----------------------------+-------------+
; Number detected on machine ; 16          ;
; Maximum allowed            ; 12          ;
;                            ;             ;
; Average used               ; 1.00        ;
; Maximum used               ; 1           ;
;                            ;             ;
; Usage by Processor         ; % Time Used ;
;     Processor 1            ; 100.0%      ;
;     Processors 2-16        ;   0.0%      ;
+----------------------------+-------------+


+----------------------------------------------------------------------------------------------------------------------------------------------------------+
; Analysis & Synthesis Source Files Read                                                                                                                   ;
+----------------------------------+-----------------+------------------------------+------------------------------------------------------------+---------+
; File Name with User-Entered Path ; Used in Netlist ; File Type                    ; File Name with Absolute Path                               ; Library ;
+----------------------------------+-----------------+------------------------------+------------------------------------------------------------+---------+
; linear.v                         ; yes             ; User Verilog HDL File        ; D:/DoAn1/Quartus/linear.v                                  ;         ;
; _parameter.v                     ; yes             ; User Verilog HDL File        ; D:/DoAn1/Quartus/_parameter.v                              ;         ;
; mul_acc_wide.v                   ; yes             ; User Verilog HDL File        ; D:/DoAn1/Quartus/mul_acc_wide.v                            ;         ;
; lpm_mult.tdf                     ; yes             ; Megafunction                 ; d:/quartus/quartus/libraries/megafunctions/lpm_mult.tdf    ;         ;
; aglobal130.inc                   ; yes             ; Megafunction                 ; d:/quartus/quartus/libraries/megafunctions/aglobal130.inc  ;         ;
; lpm_add_sub.inc                  ; yes             ; Megafunction                 ; d:/quartus/quartus/libraries/megafunctions/lpm_add_sub.inc ;         ;
; multcore.inc                     ; yes             ; Megafunction                 ; d:/quartus/quartus/libraries/megafunctions/multcore.inc    ;         ;
; bypassff.inc                     ; yes             ; Megafunction                 ; d:/quartus/quartus/libraries/megafunctions/bypassff.inc    ;         ;
; altshift.inc                     ; yes             ; Megafunction                 ; d:/quartus/quartus/libraries/megafunctions/altshift.inc    ;         ;
; db/mult_h1t.tdf                  ; yes             ; Auto-Generated Megafunction  ; D:/DoAn1/Quartus/db/mult_h1t.tdf                           ;         ;
+----------------------------------+-----------------+------------------------------+------------------------------------------------------------+---------+


+-----------------------------------------------------+
; Analysis & Synthesis Resource Usage Summary         ;
+---------------------------------------------+-------+
; Resource                                    ; Usage ;
+---------------------------------------------+-------+
; Estimated Total logic elements              ; 754   ;
;                                             ;       ;
; Total combinational functions               ; 418   ;
; Logic element usage by number of LUT inputs ;       ;
;     -- 4 input functions                    ; 271   ;
;     -- 3 input functions                    ; 92    ;
;     -- <=2 input functions                  ; 55    ;
;                                             ;       ;
; Logic elements by mode                      ;       ;
;     -- normal mode                          ; 342   ;
;     -- arithmetic mode                      ; 76    ;
;                                             ;       ;
; Total registers                             ; 501   ;
;     -- Dedicated logic registers            ; 501   ;
;     -- I/O registers                        ; 0     ;
;                                             ;       ;
; I/O pins                                    ; 252   ;
; Embedded Multiplier 9-bit elements          ; 2     ;
; Maximum fan-out node                        ; clk   ;
; Maximum fan-out                             ; 501   ;
; Total fan-out                               ; 3286  ;
; Average fan-out                             ; 2.80  ;
+---------------------------------------------+-------+


+---------------------------------------------------------------------------------------------------------------------------------------------------------------------------------------------------------------------------------+
; Analysis & Synthesis Resource Utilization by Entity                                                                                                                                                                             ;
+------------------------------------+-------------------+--------------+-------------+--------------+---------+-----------+------+--------------+-----------------------------------------------------------------+--------------+
; Compilation Hierarchy Node         ; LC Combinationals ; LC Registers ; Memory Bits ; DSP Elements ; DSP 9x9 ; DSP 18x18 ; Pins ; Virtual Pins ; Full Hierarchy Name                                             ; Library Name ;
+------------------------------------+-------------------+--------------+-------------+--------------+---------+-----------+------+--------------+-----------------------------------------------------------------+--------------+
; |linear                            ; 418 (386)         ; 501 (469)    ; 0           ; 2            ; 0       ; 1         ; 252  ; 0            ; |linear                                                         ; work         ;
;    |mul_acc_wide:pe0|              ; 32 (32)           ; 32 (32)      ; 0           ; 2            ; 0       ; 1         ; 0    ; 0            ; |linear|mul_acc_wide:pe0                                        ; work         ;
;       |lpm_mult:Mult0|             ; 0 (0)             ; 0 (0)        ; 0           ; 2            ; 0       ; 1         ; 0    ; 0            ; |linear|mul_acc_wide:pe0|lpm_mult:Mult0                         ; work         ;
;          |mult_h1t:auto_generated| ; 0 (0)             ; 0 (0)        ; 0           ; 2            ; 0       ; 1         ; 0    ; 0            ; |linear|mul_acc_wide:pe0|lpm_mult:Mult0|mult_h1t:auto_generated ; work         ;
+------------------------------------+-------------------+--------------+-------------+--------------+---------+-----------+------+--------------+-----------------------------------------------------------------+--------------+
Note: For table entries with two numbers listed, the numbers in parentheses indicate the number of resources of the given type used by the specific entity alone. The numbers listed outside of parentheses indicate the total resources of the given type used by the specific entity and all of its sub-entities in the hierarchy.


+-----------------------------------------------------+
; Analysis & Synthesis DSP Block Usage Summary        ;
+---------------------------------------+-------------+
; Statistic                             ; Number Used ;
+---------------------------------------+-------------+
; Simple Multipliers (9-bit)            ; 0           ;
; Simple Multipliers (18-bit)           ; 1           ;
; Embedded Multiplier Blocks            ; --          ;
; Embedded Multiplier 9-bit elements    ; 2           ;
; Signed Embedded Multipliers           ; 1           ;
; Unsigned Embedded Multipliers         ; 0           ;
; Mixed Sign Embedded Multipliers       ; 0           ;
; Variable Sign Embedded Multipliers    ; 0           ;
; Dedicated Input Shift Register Chains ; 0           ;
+---------------------------------------+-------------+
Note: number of Embedded Multiplier Blocks used is only available after a successful fit.


+---------------------------------------------------------------------------------+
; Registers Removed During Synthesis                                              ;
+----------------------------------------+----------------------------------------+
; Register name                          ; Reason for Removal                     ;
+----------------------------------------+----------------------------------------+
; temp[15]~reg0                          ; Stuck at GND due to stuck port data_in ;
; temp[14]~reg0                          ; Stuck at GND due to stuck port data_in ;
; temp[13]~reg0                          ; Stuck at GND due to stuck port data_in ;
; temp[12]~reg0                          ; Stuck at GND due to stuck port data_in ;
; temp[11]~reg0                          ; Stuck at GND due to stuck port data_in ;
; temp[10]~reg0                          ; Stuck at GND due to stuck port data_in ;
; temp[9]~reg0                           ; Stuck at GND due to stuck port data_in ;
; temp[8]~reg0                           ; Stuck at GND due to stuck port data_in ;
; temp[7]~reg0                           ; Stuck at GND due to stuck port data_in ;
; temp[6]~reg0                           ; Stuck at GND due to stuck port data_in ;
; temp[5]~reg0                           ; Stuck at GND due to stuck port data_in ;
; temp[4]~reg0                           ; Stuck at GND due to stuck port data_in ;
; temp[3]~reg0                           ; Stuck at GND due to stuck port data_in ;
; temp[2]~reg0                           ; Stuck at GND due to stuck port data_in ;
; temp[1]~reg0                           ; Stuck at GND due to stuck port data_in ;
; temp[0]~reg0                           ; Stuck at GND due to stuck port data_in ;
; k[11]~reg0                             ; Merged with k[10]~reg0                 ;
; k[12]~reg0                             ; Merged with k[10]~reg0                 ;
; k[13]~reg0                             ; Merged with k[10]~reg0                 ;
; k[14]~reg0                             ; Merged with k[10]~reg0                 ;
; k[15]~reg0                             ; Merged with k[10]~reg0                 ;
; k[1]~reg0                              ; Merged with k[10]~reg0                 ;
; k[2]~reg0                              ; Merged with k[10]~reg0                 ;
; k[3]~reg0                              ; Merged with k[10]~reg0                 ;
; k[4]~reg0                              ; Merged with k[10]~reg0                 ;
; k[5]~reg0                              ; Merged with k[10]~reg0                 ;
; k[6]~reg0                              ; Merged with k[10]~reg0                 ;
; k[7]~reg0                              ; Merged with k[10]~reg0                 ;
; k[8]~reg0                              ; Merged with k[10]~reg0                 ;
; k[9]~reg0                              ; Merged with k[10]~reg0                 ;
; k[10]~reg0                             ; Stuck at GND due to stuck port data_in ;
; state[3]~reg0                          ; Stuck at GND due to stuck port data_in ;
; Total Number of Removed Registers = 32 ;                                        ;
+----------------------------------------+----------------------------------------+


+------------------------------------------------------+
; General Register Statistics                          ;
+----------------------------------------------+-------+
; Statistic                                    ; Value ;
+----------------------------------------------+-------+
; Total registers                              ; 501   ;
; Number of registers using Synchronous Clear  ; 33    ;
; Number of registers using Synchronous Load   ; 0     ;
; Number of registers using Asynchronous Clear ; 85    ;
; Number of registers using Asynchronous Load  ; 0     ;
; Number of registers using Clock Enable       ; 465   ;
; Number of registers using Preset             ; 0     ;
+----------------------------------------------+-------+


+------------------------------------------------------------------------------------------------------------------------------------------+
; Multiplexer Restructuring Statistics (Restructuring Performed)                                                                           ;
+--------------------+-----------+---------------+----------------------+------------------------+------------+----------------------------+
; Multiplexer Inputs ; Bus Width ; Baseline Area ; Area if Restructured ; Saving if Restructured ; Registered ; Example Multiplexer Output ;
+--------------------+-----------+---------------+----------------------+------------------------+------------+----------------------------+
; 18:1               ; 16 bits   ; 192 LEs       ; 16 LEs               ; 176 LEs                ; Yes        ; |linear|j[9]~reg0          ;
; 19:1               ; 32 bits   ; 384 LEs       ; 32 LEs               ; 352 LEs                ; Yes        ; |linear|sum_reg[8]~reg0    ;
; 18:1               ; 16 bits   ; 192 LEs       ; 16 LEs               ; 176 LEs                ; Yes        ; |linear|i[8]~reg0          ;
; 4:1                ; 16 bits   ; 32 LEs        ; 32 LEs               ; 0 LEs                  ; Yes        ; |linear|x_reg[8]~reg0      ;
; 21:1               ; 3 bits    ; 42 LEs        ; 18 LEs               ; 24 LEs                 ; No         ; |linear|Mux99              ;
+--------------------+-----------+---------------+----------------------+------------------------+------------+----------------------------+


+-----------------------------------------------------------------------------------+
; Parameter Settings for Inferred Entity Instance: mul_acc_wide:pe0|lpm_mult:Mult0  ;
+------------------------------------------------+------------+---------------------+
; Parameter Name                                 ; Value      ; Type                ;
+------------------------------------------------+------------+---------------------+
; AUTO_CARRY_CHAINS                              ; ON         ; AUTO_CARRY          ;
; IGNORE_CARRY_BUFFERS                           ; OFF        ; IGNORE_CARRY        ;
; AUTO_CASCADE_CHAINS                            ; ON         ; AUTO_CASCADE        ;
; IGNORE_CASCADE_BUFFERS                         ; OFF        ; IGNORE_CASCADE      ;
; LPM_WIDTHA                                     ; 16         ; Untyped             ;
; LPM_WIDTHB                                     ; 16         ; Untyped             ;
; LPM_WIDTHP                                     ; 32         ; Untyped             ;
; LPM_WIDTHR                                     ; 32         ; Untyped             ;
; LPM_WIDTHS                                     ; 1          ; Untyped             ;
; LPM_REPRESENTATION                             ; SIGNED     ; Untyped             ;
; LPM_PIPELINE                                   ; 0          ; Untyped             ;
; LATENCY                                        ; 0          ; Untyped             ;
; INPUT_A_IS_CONSTANT                            ; NO         ; Untyped             ;
; INPUT_B_IS_CONSTANT                            ; NO         ; Untyped             ;
; USE_EAB                                        ; OFF        ; Untyped             ;
; MAXIMIZE_SPEED                                 ; 5          ; Untyped             ;
; DEVICE_FAMILY                                  ; Cyclone II ; Untyped             ;
; CARRY_CHAIN                                    ; MANUAL     ; Untyped             ;
; APEX20K_TECHNOLOGY_MAPPER                      ; LUT        ; TECH_MAPPER_APEX20K ;
; DEDICATED_MULTIPLIER_CIRCUITRY                 ; AUTO       ; Untyped             ;
; DEDICATED_MULTIPLIER_MIN_INPUT_WIDTH_FOR_AUTO  ; 0          ; Untyped             ;
; DEDICATED_MULTIPLIER_MIN_OUTPUT_WIDTH_FOR_AUTO ; 0          ; Untyped             ;
; CBXI_PARAMETER                                 ; mult_h1t   ; Untyped             ;
; INPUT_A_FIXED_VALUE                            ; Bx         ; Untyped             ;
; INPUT_B_FIXED_VALUE                            ; Bx         ; Untyped             ;
; USE_AHDL_IMPLEMENTATION                        ; OFF        ; Untyped             ;
+------------------------------------------------+------------+---------------------+
Note: In order to hide this table in the UI and the text report file, please set the "Show Parameter Settings in Synthesis Report" option in "Analysis and Synthesis Settings -> More Settings" to "Off".


+-------------------------------------------------------------------------+
; lpm_mult Parameter Settings by Entity Instance                          ;
+---------------------------------------+---------------------------------+
; Name                                  ; Value                           ;
+---------------------------------------+---------------------------------+
; Number of entity instances            ; 1                               ;
; Entity Instance                       ; mul_acc_wide:pe0|lpm_mult:Mult0 ;
;     -- LPM_WIDTHA                     ; 16                              ;
;     -- LPM_WIDTHB                     ; 16                              ;
;     -- LPM_WIDTHP                     ; 32                              ;
;     -- LPM_REPRESENTATION             ; SIGNED                          ;
;     -- INPUT_A_IS_CONSTANT            ; NO                              ;
;     -- INPUT_B_IS_CONSTANT            ; NO                              ;
;     -- USE_EAB                        ; OFF                             ;
;     -- DEDICATED_MULTIPLIER_CIRCUITRY ; AUTO                            ;
;     -- INPUT_A_FIXED_VALUE            ; Bx                              ;
;     -- INPUT_B_FIXED_VALUE            ; Bx                              ;
+---------------------------------------+---------------------------------+


+-------------------------------+
; Elapsed Time Per Partition    ;
+----------------+--------------+
; Partition Name ; Elapsed Time ;
+----------------+--------------+
; Top            ; 00:00:01     ;
+----------------+--------------+


+-------------------------------+
; Analysis & Synthesis Messages ;
+-------------------------------+
Info: *******************************************************************
Info: Running Quartus II 64-Bit Analysis & Synthesis
    Info: Version 13.0.1 Build 232 06/12/2013 Service Pack 1 SJ Web Edition
    Info: Processing started: Sun Nov 02 06:33:32 2025
Info: Command: quartus_map --read_settings_files=on --write_settings_files=off LinearModule -c LinearModule
Info (11104): Parallel Compilation has detected 16 hyper-threaded processors. However, the extra hyper-threaded processors will not be used by default. Parallel Compilation will use 12 of the 12 physical processors detected instead.
Info (12021): Found 1 design units, including 1 entities, in source file linear.v
    Info (12023): Found entity 1: linear
Info (12021): Found 0 design units, including 0 entities, in source file _parameter.v
Info (12021): Found 1 design units, including 1 entities, in source file mul_acc_wide.v
    Info (12023): Found entity 1: mul_acc_wide
Info (12127): Elaborating entity "linear" for the top level hierarchy
Warning (10230): Verilog HDL assignment warning at linear.v(91): truncated value with size 32 to match size of target (16)
Warning (10230): Verilog HDL assignment warning at linear.v(96): truncated value with size 32 to match size of target (16)
Warning (10230): Verilog HDL assignment warning at linear.v(101): truncated value with size 32 to match size of target (16)
Warning (10230): Verilog HDL assignment warning at linear.v(119): truncated value with size 32 to match size of target (16)
Warning (10230): Verilog HDL assignment warning at linear.v(121): truncated value with size 32 to match size of target (16)
Warning (10230): Verilog HDL assignment warning at linear.v(129): truncated value with size 32 to match size of target (16)
Warning (10270): Verilog HDL Case Statement warning at linear.v(143): incomplete case statement has no default case item
Info (12128): Elaborating entity "mul_acc_wide" for hierarchy "mul_acc_wide:pe0"
Info (276014): Found 3 instances of uninferred RAM logic
    Info (276004): RAM logic "y_mem" is uninferred due to inappropriate RAM size
    Info (276007): RAM logic "W_mem" is uninferred due to asynchronous read logic
    Info (276004): RAM logic "b_mem" is uninferred due to inappropriate RAM size
Info (278001): Inferred 1 megafunctions from design logic
    Info (278003): Inferred multiplier megafunction ("lpm_mult") from the following logic: "mul_acc_wide:pe0|Mult0"
Info (12130): Elaborated megafunction instantiation "mul_acc_wide:pe0|lpm_mult:Mult0"
Info (12133): Instantiated megafunction "mul_acc_wide:pe0|lpm_mult:Mult0" with the following parameter:
    Info (12134): Parameter "LPM_WIDTHA" = "16"
    Info (12134): Parameter "LPM_WIDTHB" = "16"
    Info (12134): Parameter "LPM_WIDTHP" = "32"
    Info (12134): Parameter "LPM_WIDTHR" = "32"
    Info (12134): Parameter "LPM_WIDTHS" = "1"
    Info (12134): Parameter "LPM_REPRESENTATION" = "SIGNED"
    Info (12134): Parameter "INPUT_A_IS_CONSTANT" = "NO"
    Info (12134): Parameter "INPUT_B_IS_CONSTANT" = "NO"
    Info (12134): Parameter "MAXIMIZE_SPEED" = "5"
Info (12021): Found 1 design units, including 1 entities, in source file db/mult_h1t.tdf
    Info (12023): Found entity 1: mult_h1t
Warning (13024): Output pins are stuck at VCC or GND
    Warning (13410): Pin "state[3]" is stuck at GND
    Warning (13410): Pin "next_state[3]" is stuck at GND
    Warning (13410): Pin "k[1]" is stuck at GND
    Warning (13410): Pin "k[2]" is stuck at GND
    Warning (13410): Pin "k[3]" is stuck at GND
    Warning (13410): Pin "k[4]" is stuck at GND
    Warning (13410): Pin "k[5]" is stuck at GND
    Warning (13410): Pin "k[6]" is stuck at GND
    Warning (13410): Pin "k[7]" is stuck at GND
    Warning (13410): Pin "k[8]" is stuck at GND
    Warning (13410): Pin "k[9]" is stuck at GND
    Warning (13410): Pin "k[10]" is stuck at GND
    Warning (13410): Pin "k[11]" is stuck at GND
    Warning (13410): Pin "k[12]" is stuck at GND
    Warning (13410): Pin "k[13]" is stuck at GND
    Warning (13410): Pin "k[14]" is stuck at GND
    Warning (13410): Pin "k[15]" is stuck at GND
    Warning (13410): Pin "temp[0]" is stuck at GND
    Warning (13410): Pin "temp[1]" is stuck at GND
    Warning (13410): Pin "temp[2]" is stuck at GND
    Warning (13410): Pin "temp[3]" is stuck at GND
    Warning (13410): Pin "temp[4]" is stuck at GND
    Warning (13410): Pin "temp[5]" is stuck at GND
    Warning (13410): Pin "temp[6]" is stuck at GND
    Warning (13410): Pin "temp[7]" is stuck at GND
    Warning (13410): Pin "temp[8]" is stuck at GND
    Warning (13410): Pin "temp[9]" is stuck at GND
    Warning (13410): Pin "temp[10]" is stuck at GND
    Warning (13410): Pin "temp[11]" is stuck at GND
    Warning (13410): Pin "temp[12]" is stuck at GND
    Warning (13410): Pin "temp[13]" is stuck at GND
    Warning (13410): Pin "temp[14]" is stuck at GND
    Warning (13410): Pin "temp[15]" is stuck at GND
Info (16010): Generating hard_block partition "hard_block:auto_generated_inst"
    Info (16011): Adding 0 node(s), including 0 DDIO, 0 PLL, 0 transceiver and 0 LCELL
Info (21057): Implemented 1027 device resources after synthesis - the final resource count might be different
    Info (21058): Implemented 19 input pins
    Info (21059): Implemented 233 output pins
    Info (21061): Implemented 773 logic cells
    Info (21062): Implemented 2 DSP elements
Info: Quartus II 64-Bit Analysis & Synthesis was successful. 0 errors, 41 warnings
    Info: Peak virtual memory: 4622 megabytes
    Info: Processing ended: Sun Nov 02 06:33:35 2025
    Info: Elapsed time: 00:00:03
    Info: Total CPU time (on all processors): 00:00:01


