Copyright 1986-2022 Xilinx, Inc. All Rights Reserved.
---------------------------------------------------------------------------------------
| Tool Version : Vivado v.2022.1 (win64) Build 3526262 Mon Apr 18 15:48:16 MDT 2022
| Date         : Thu Jun 18 09:13:16 2026
| Host         : letun running 64-bit major release  (build 9200)
| Command      : report_control_sets -verbose -file ITM_Top_v3_control_sets_placed.rpt
| Design       : ITM_Top_v3
| Device       : xck26
---------------------------------------------------------------------------------------

Control Set Information

Table of Contents
-----------------
1. Summary
2. Histogram
3. Flip-Flop Distribution
4. Detailed Control Set Information

1. Summary
----------

+----------------------------------------------------------+-------+
|                          Status                          | Count |
+----------------------------------------------------------+-------+
| Total control sets                                       |    63 |
|    Minimum number of control sets                        |    63 |
|    Addition due to synthesis replication                 |     0 |
|    Addition due to physical synthesis replication        |     0 |
| Unused register locations in slices containing registers |    29 |
+----------------------------------------------------------+-------+
* Control sets can be merged at opt_design using control_set_merge or merge_equivalent_drivers
** Run report_qor_suggestions for automated merging and remapping suggestions


2. Histogram
------------

+--------------------+-------+
|       Fanout       | Count |
+--------------------+-------+
| Total control sets |    63 |
| >= 0 to < 4        |     5 |
| >= 4 to < 6        |     5 |
| >= 6 to < 8        |     2 |
| >= 8 to < 10       |     0 |
| >= 10 to < 12      |     5 |
| >= 12 to < 14      |     0 |
| >= 14 to < 16      |     3 |
| >= 16              |    43 |
+--------------------+-------+
* Control sets can be remapped at either synth_design or opt_design


3. Flip-Flop Distribution
-------------------------

+--------------+-----------------------+------------------------+-----------------+--------------+
| Clock Enable | Synchronous Set/Reset | Asynchronous Set/Reset | Total Registers | Total Slices |
+--------------+-----------------------+------------------------+-----------------+--------------+
| No           | No                    | No                     |               4 |            3 |
| No           | No                    | Yes                    |             929 |          162 |
| No           | Yes                   | No                     |              16 |            3 |
| Yes          | No                    | No                     |               0 |            0 |
| Yes          | No                    | Yes                    |            9198 |         2030 |
| Yes          | Yes                   | No                     |               0 |            0 |
+--------------+-----------------------+------------------------+-----------------+--------------+


4. Detailed Control Set Information
-----------------------------------

+--------------+----------------------------+----------------------+------------------+----------------+--------------+
| Clock Signal |        Enable Signal       |   Set/Reset Signal   | Slice Load Count | Bel Load Count | Bels / Slice |
+--------------+----------------------------+----------------------+------------------+----------------+--------------+
|  clk         | fc_class[2]_i_1_n_0        | rst                  |                2 |              3 |         1.50 |
|  clk         | branch_id[2]_i_1_n_0       | rst                  |                2 |              3 |         1.50 |
|  clk         | c_grp[2]_i_1_n_0           | rst                  |                1 |              3 |         3.00 |
|  clk         | substep[2]_i_1_n_0         | rst                  |                2 |              3 |         1.50 |
|  clk         | fc_grp_in[2]_i_1_n_0       | rst                  |                1 |              3 |         3.00 |
|  clk         | c_grp_m[3]_i_1_n_0         | rst                  |                2 |              4 |         2.00 |
|  clk         |                            |                      |                3 |              4 |         1.33 |
|  clk         | fc_lane[3]_i_1_n_0         | rst                  |                2 |              4 |         2.00 |
|  clk         | s_idx[3]_i_1_n_0           | rst                  |                1 |              4 |         4.00 |
|  clk         | need_pool_reg              | rst                  |                2 |              5 |         2.50 |
|  clk         | k_idx[5]_i_1_n_0           | rst                  |                3 |              6 |         2.00 |
|  clk         | c_rd_addr_reg[6]_i_1_n_0   | rst                  |                6 |              7 |         1.17 |
|  clk         | gap_t[9]_i_1_n_0           | rst                  |                2 |             10 |         5.00 |
|  clk         | t_out_cnt[9]_i_1_n_0       | rst                  |                4 |             10 |         2.50 |
|  clk         | t_cnt[9]_i_1_n_0           | rst                  |                4 |             10 |         2.50 |
|  clk         | mac_idx[7]_i_1_n_0         | rst                  |                6 |             10 |         1.67 |
|  clk         | gap_c_grp[3]_i_1_n_0       | rst                  |                5 |             11 |         2.20 |
|  clk         | w_rd_addr                  | rst                  |                7 |             14 |         2.00 |
|  clk         | m_we                       | rst                  |                7 |             15 |         2.14 |
|  clk         | m_rd_addr                  | rst                  |               12 |             15 |         1.25 |
|  clk         |                            | u_rmsnorm_mul/p_1_in |                3 |             16 |         5.33 |
|  clk         | dA_reg                     | rst                  |               16 |             16 |         1.00 |
|  clk         | pe_A[15]_i_1_n_0           | rst                  |               13 |             16 |         1.23 |
|  clk         | logit4[15]_i_1_n_0         | rst                  |                2 |             16 |         8.00 |
|  clk         | logit3[15]_i_1_n_0         | rst                  |                2 |             16 |         8.00 |
|  clk         | logit2[15]_i_1_n_0         | rst                  |                2 |             16 |         8.00 |
|  clk         | logit1[15]_i_1_n_0         | rst                  |                2 |             16 |         8.00 |
|  clk         | logit0[15]_i_1_n_0         | rst                  |                4 |             16 |         4.00 |
|  clk         | fc_acc[39]_i_1_n_0         | rst                  |                6 |             40 |         6.67 |
|  clk         | t_stride_in                | rst                  |               13 |             60 |         4.62 |
|  clk         | state[7]_i_1_n_0           | rst                  |               31 |             62 |         2.00 |
|  clk         | fc_bias_lane               | rst                  |               11 |             80 |         7.27 |
|  clk         | h_reg                      | rst                  |              184 |            256 |         1.39 |
|  clk         | incep_reg                  | rst                  |               72 |            256 |         3.56 |
|  clk         | gap_q_reg[3][255]_i_1_n_0  | rst                  |              170 |            256 |         1.51 |
|  clk         | gap_q_reg[5][255]_i_1_n_0  | rst                  |              175 |            256 |         1.46 |
|  clk         | gap_q_reg[2][255]_i_1_n_0  | rst                  |              172 |            256 |         1.49 |
|  clk         | m_wr_data[255]_i_1_n_0     | rst                  |              190 |            256 |         1.35 |
|  clk         | gap_q_reg[1][255]_i_1_n_0  | rst                  |              170 |            256 |         1.51 |
|  clk         | max_buf[255]_i_1_n_0       | rst                  |              142 |            256 |         1.80 |
|  clk         | gap_q_reg[7][255]_i_1_n_0  | rst                  |              176 |            256 |         1.45 |
|  clk         | term2_reg                  | rst                  |               70 |            256 |         3.66 |
|  clk         | term1_reg                  | rst                  |               72 |            256 |         3.56 |
|  clk         | gap_q_reg[6][255]_i_1_n_0  | rst                  |              168 |            256 |         1.52 |
|  clk         | pe_A_vec[255]_i_1_n_0      | rst                  |              178 |            256 |         1.44 |
|  clk         | pe_B[255]_i_1_n_0          | rst                  |              178 |            256 |         1.44 |
|  clk         | gap_q_reg[0][255]_i_1_n_0  | rst                  |              174 |            256 |         1.47 |
|  clk         | gap_q_reg[4][255]_i_1_n_0  | rst                  |              180 |            256 |         1.42 |
|  clk         | fc_gap_word                | rst                  |              204 |            256 |         1.25 |
|  clk         | du_reg                     | rst                  |               67 |            256 |         3.82 |
|  clk         | dt_lane                    | rst                  |              130 |            256 |         1.97 |
|  clk         | dB_reg                     | rst                  |              188 |            256 |         1.36 |
|  clk         | y_acc_reg                  | rst                  |               74 |            256 |         3.46 |
|  clk         | y_reg                      | rst                  |              181 |            256 |         1.41 |
|  clk         | gap_sum[3][13][23]_i_1_n_0 | rst                  |              238 |            384 |         1.61 |
|  clk         | gap_sum[6][13][23]_i_1_n_0 | rst                  |              245 |            384 |         1.57 |
|  clk         | gap_sum[2][13][23]_i_1_n_0 | rst                  |              227 |            384 |         1.69 |
|  clk         | gap_sum[5][13][23]_i_1_n_0 | rst                  |              234 |            384 |         1.64 |
|  clk         | gap_sum[7][13][23]_i_1_n_0 | rst                  |              248 |            384 |         1.55 |
|  clk         | gap_sum[1][13][23]_i_1_n_0 | rst                  |              231 |            384 |         1.66 |
|  clk         | gap_sum[4][13][23]_i_1_n_0 | rst                  |              236 |            384 |         1.63 |
|  clk         | gap_sum[0][13][23]_i_1_n_0 | rst                  |              230 |            384 |         1.67 |
|  clk         |                            | rst                  |              162 |            929 |         5.73 |
+--------------+----------------------------+----------------------+------------------+----------------+--------------+


