Copyright 1986-2022 Xilinx, Inc. All Rights Reserved.
------------------------------------------------------------------------------------------------------------------------------------------------------------
| Tool Version      : Vivado v.2022.1 (win64) Build 3526262 Mon Apr 18 15:48:16 MDT 2022
| Date              : Sun Jun  7 12:37:07 2026
| Host              : letun running 64-bit major release  (build 9200)
| Command           : report_timing -max_paths 1 -nworst 1 -delay_type max -path_type full -input_pins -file reports/d1_compare/inception_critical_path.rpt
| Design            : Inception_Top
| Device            : xck26-sfvc784
| Speed File        : -2LV  PRODUCTION 1.29 08-03-2020
| Temperature Grade : C
------------------------------------------------------------------------------------------------------------------------------------------------------------

Timing Report

Slack (MET) :             1.973ns  (required time - arrival time)
  Source:                 u_core/mem_sys/ram_b/ram_reg_uram_10/CLK
                            (rising edge-triggered cell URAM288 clocked by clk  {rise@0.000ns fall@5.000ns period=10.000ns})
  Destination:            u_core/pe_A_reg[13]/D
                            (rising edge-triggered cell FDCE clocked by clk  {rise@0.000ns fall@5.000ns period=10.000ns})
  Path Group:             clk
  Path Type:              Setup (Max at Slow Process Corner)
  Requirement:            10.000ns  (clk rise@10.000ns - clk rise@0.000ns)
  Data Path Delay:        7.947ns  (logic 3.801ns (47.827%)  route 4.146ns (52.173%))
  Logic Levels:           10  (CARRY8=1 LUT3=1 LUT5=1 LUT6=3 URAM288=4)
  Clock Path Skew:        -0.087ns (DCD - SCD + CPR)
    Destination Clock Delay (DCD):    0.030ns = ( 10.030 - 10.000 ) 
    Source Clock Delay      (SCD):    0.117ns
    Clock Pessimism Removal (CPR):    0.000ns
  Clock Uncertainty:      0.035ns  ((TSJ^2 + TIJ^2)^1/2 + DJ) / 2 + PE
    Total System Jitter     (TSJ):    0.071ns
    Total Input Jitter      (TIJ):    0.000ns
    Discrete Jitter          (DJ):    0.000ns
    Phase Error              (PE):    0.000ns

    Location             Delay type                Incr(ns)  Path(ns)    Netlist Resource(s)
  -------------------------------------------------------------------    -------------------
                         (clock clk rise edge)        0.000     0.000 r  
                         propagated clock network latency
                                                      0.117     0.117    
    URAM288_X0Y24        URAM288                      0.000     0.117 r  u_core/mem_sys/ram_b/ram_reg_uram_10/CLK
    URAM288_X0Y24        URAM288 (Prop_URAM_288K_INST_URAM288_CLK_CAS_OUT_DOUT_A[24])
                                                      1.772     1.889 r  u_core/mem_sys/ram_b/ram_reg_uram_10/CAS_OUT_DOUT_A[24]
                         net (fo=1, routed)           0.001     1.890    u_core/mem_sys/ram_b/ram_reg_uram_11_Cas_DoutA_1[24]
    URAM288_X0Y25                                                     r  u_core/mem_sys/ram_b/ram_reg_uram_11/CAS_IN_DOUT_A[24]
    URAM288_X0Y25        URAM288 (Prop_URAM_288K_INST_URAM288_CAS_IN_DOUT_A[24]_CAS_OUT_DOUT_A[24])
                                                      0.245     2.135 r  u_core/mem_sys/ram_b/ram_reg_uram_11/CAS_OUT_DOUT_A[24]
                         net (fo=1, routed)           0.001     2.136    u_core/mem_sys/ram_b/ram_reg_uram_12_Cas_DoutA_2[24]
    URAM288_X0Y26                                                     r  u_core/mem_sys/ram_b/ram_reg_uram_12/CAS_IN_DOUT_A[24]
    URAM288_X0Y26        URAM288 (Prop_URAM_288K_INST_URAM288_CAS_IN_DOUT_A[24]_CAS_OUT_DOUT_A[24])
                                                      0.245     2.381 r  u_core/mem_sys/ram_b/ram_reg_uram_12/CAS_OUT_DOUT_A[24]
                         net (fo=1, routed)           0.001     2.382    u_core/mem_sys/ram_b/ram_reg_uram_13_Cas_DoutA_3[24]
    URAM288_X0Y27                                                     r  u_core/mem_sys/ram_b/ram_reg_uram_13/CAS_IN_DOUT_A[24]
    URAM288_X0Y27        URAM288 (Prop_URAM_288K_INST_URAM288_CAS_IN_DOUT_A[24]_CAS_OUT_DOUT_A[24])
                                                      0.245     2.627 r  u_core/mem_sys/ram_b/ram_reg_uram_13/CAS_OUT_DOUT_A[24]
                         net (fo=1, routed)           0.001     2.628    u_core/mem_sys/ram_b/ram_reg_uram_14_Cas_DoutA_4[24]
    URAM288_X0Y28                                                     r  u_core/mem_sys/ram_b/ram_reg_uram_14/CAS_IN_DOUT_A[24]
    URAM288_X0Y28        URAM288 (Prop_URAM_288K_INST_URAM288_CAS_IN_DOUT_A[24]_DOUT_A[24])
                                                      0.269     2.897 r  u_core/mem_sys/ram_b/ram_reg_uram_14/DOUT_A[24]
                         net (fo=6, routed)           1.439     4.336    u_core/mem_sys/ram_b/out_ram_b[168]
    SLICE_X48Y96                                                      r  u_core/mem_sys/ram_b/incep_reg[168]_i_1/I0
    SLICE_X48Y96         LUT3 (Prop_H5LUT_SLICEL_I0_O)
                                                      0.088     4.424 r  u_core/mem_sys/ram_b/incep_reg[168]_i_1/O
                         net (fo=4, routed)           0.338     4.762    u_core/mem_sys/ram_b/D[168]
    SLICE_X44Y96                                                      r  u_core/mem_sys/ram_b/max_buf[175]_i_14/I4
    SLICE_X44Y96         LUT6 (Prop_E6LUT_SLICEL_I4_O)
                                                      0.187     4.949 r  u_core/mem_sys/ram_b/max_buf[175]_i_14/O
                         net (fo=1, routed)           0.011     4.960    u_core/mem_sys/ram_b/max_buf[175]_i_14_n_0
    SLICE_X44Y96                                                      r  u_core/mem_sys/ram_b/max_buf_reg[175]_i_2/S[4]
    SLICE_X44Y96         CARRY8 (Prop_CARRY8_SLICEL_S[4]_CO[7])
                                                      0.240     5.200 r  u_core/mem_sys/ram_b/max_buf_reg[175]_i_2/CO[7]
                         net (fo=48, routed)          0.556     5.756    u_core/mem_sys/ram_b/max_buf_reg[175]_i_2_n_0
    SLICE_X47Y95                                                      r  u_core/mem_sys/ram_b/pe_A[13]_i_13/I1
    SLICE_X47Y95         LUT5 (Prop_B6LUT_SLICEL_I1_O)
                                                      0.138     5.894 r  u_core/mem_sys/ram_b/pe_A[13]_i_13/O
                         net (fo=1, routed)           0.493     6.387    u_core/mem_sys/ram_b/pe_A[13]_i_13_n_0
    SLICE_X43Y95                                                      r  u_core/mem_sys/ram_b/pe_A[13]_i_4/I1
    SLICE_X43Y95         LUT6 (Prop_E6LUT_SLICEM_I1_O)
                                                      0.152     6.539 f  u_core/mem_sys/ram_b/pe_A[13]_i_4/O
                         net (fo=1, routed)           1.209     7.748    u_core/mem_sys/ram_b/pe_A[13]_i_4_n_0
    SLICE_X43Y155                                                     f  u_core/mem_sys/ram_b/pe_A[13]_i_1/I3
    SLICE_X43Y155        LUT6 (Prop_D6LUT_SLICEM_I3_O)
                                                      0.220     7.968 r  u_core/mem_sys/ram_b/pe_A[13]_i_1/O
                         net (fo=1, routed)           0.096     8.064    u_core/mem_sys_n_258
    SLICE_X43Y155        FDCE                                         r  u_core/pe_A_reg[13]/D
  -------------------------------------------------------------------    -------------------

                         (clock clk rise edge)       10.000    10.000 r  
                         propagated clock network latency
                                                      0.030    10.030    
                         clock pessimism              0.000    10.030    
                         clock uncertainty           -0.035     9.995    
    SLICE_X43Y155        FDCE (Setup_DFF_SLICEM_C_D)
                                                      0.043    10.038    u_core/pe_A_reg[13]
  -------------------------------------------------------------------
                         required time                         10.038    
                         arrival time                          -8.064    
  -------------------------------------------------------------------
                         slack                                  1.973    




