Copyright 1986-2022 Xilinx, Inc. All Rights Reserved.
--------------------------------------------------------------------------------------------------------------------------------------------------------
| Tool Version      : Vivado v.2022.1 (win64) Build 3526262 Mon Apr 18 15:48:16 MDT 2022
| Date              : Sun Jun  7 12:36:49 2026
| Host              : letun running 64-bit major release  (build 9200)
| Command           : report_timing -max_paths 1 -nworst 1 -delay_type max -path_type full -input_pins -file reports/d1_compare/mamba_critical_path.rpt
| Design            : Mamba_Top
| Device            : xck26-sfvc784
| Speed File        : -2LV  PRODUCTION 1.29 08-03-2020
| Temperature Grade : C
--------------------------------------------------------------------------------------------------------------------------------------------------------

Timing Report

Slack (MET) :             0.710ns  (required time - arrival time)
  Source:                 u_core/mem_sys/ram_a/ram_reg_uram_0/CLK
                            (rising edge-triggered cell URAM288 clocked by clk  {rise@0.000ns fall@5.000ns period=10.000ns})
  Destination:            u_core/u_rmsnorm_mul/p1_reg_reg[5]/D
                            (rising edge-triggered cell FDSE clocked by clk  {rise@0.000ns fall@5.000ns period=10.000ns})
  Path Group:             clk
  Path Type:              Setup (Max at Slow Process Corner)
  Requirement:            10.000ns  (clk rise@10.000ns - clk rise@0.000ns)
  Data Path Delay:        9.210ns  (logic 5.838ns (63.385%)  route 3.372ns (36.615%))
  Logic Levels:           17  (CARRY8=2 DSP_A_B_DATA=1 DSP_ALU=1 DSP_M_DATA=1 DSP_MULTIPLIER=1 DSP_OUTPUT=1 DSP_PREADD_DATA=1 LUT2=2 LUT3=1 LUT6=2 URAM288=4)
  Clock Path Skew:        -0.087ns (DCD - SCD + CPR)
    Destination Clock Delay (DCD):    0.030ns = ( 10.030 - 10.000 ) 
    Source Clock Delay      (SCD):    0.117ns
    Clock Pessimism Removal (CPR):    0.000ns
  Clock Uncertainty:      0.035ns  ((TSJ^2 + TIJ^2)^1/2 + DJ) / 2 + PE
    Total System Jitter     (TSJ):    0.071ns
    Total Input Jitter      (TIJ):    0.000ns
    Discrete Jitter          (DJ):    0.000ns
    Phase Error              (PE):    0.000ns

    Location             Delay type                Incr(ns)  Path(ns)    Netlist Resource(s)
  -------------------------------------------------------------------    -------------------
                         (clock clk rise edge)        0.000     0.000 r  
                         propagated clock network latency
                                                      0.117     0.117    
    URAM288_X0Y0         URAM288                      0.000     0.117 r  u_core/mem_sys/ram_a/ram_reg_uram_0/CLK
    URAM288_X0Y0         URAM288 (Prop_URAM_288K_INST_URAM288_CLK_CAS_OUT_DOUT_A[2])
                                                      1.849     1.966 f  u_core/mem_sys/ram_a/ram_reg_uram_0/CAS_OUT_DOUT_A[2]
                         net (fo=1, routed)           0.001     1.967    u_core/mem_sys/ram_a/ram_reg_uram_1_Cas_DoutA_1[2]
    URAM288_X0Y1                                                      f  u_core/mem_sys/ram_a/ram_reg_uram_1/CAS_IN_DOUT_A[2]
    URAM288_X0Y1         URAM288 (Prop_URAM_288K_INST_URAM288_CAS_IN_DOUT_A[2]_CAS_OUT_DOUT_A[2])
                                                      0.287     2.254 f  u_core/mem_sys/ram_a/ram_reg_uram_1/CAS_OUT_DOUT_A[2]
                         net (fo=1, routed)           0.001     2.255    u_core/mem_sys/ram_a/ram_reg_uram_2_Cas_DoutA_2[2]
    URAM288_X0Y2                                                      f  u_core/mem_sys/ram_a/ram_reg_uram_2/CAS_IN_DOUT_A[2]
    URAM288_X0Y2         URAM288 (Prop_URAM_288K_INST_URAM288_CAS_IN_DOUT_A[2]_CAS_OUT_DOUT_A[2])
                                                      0.287     2.542 f  u_core/mem_sys/ram_a/ram_reg_uram_2/CAS_OUT_DOUT_A[2]
                         net (fo=1, routed)           0.001     2.543    u_core/mem_sys/ram_a/ram_reg_uram_3_Cas_DoutA_3[2]
    URAM288_X0Y3                                                      f  u_core/mem_sys/ram_a/ram_reg_uram_3/CAS_IN_DOUT_A[2]
    URAM288_X0Y3         URAM288 (Prop_URAM_288K_INST_URAM288_CAS_IN_DOUT_A[2]_CAS_OUT_DOUT_A[2])
                                                      0.287     2.830 f  u_core/mem_sys/ram_a/ram_reg_uram_3/CAS_OUT_DOUT_A[2]
                         net (fo=1, routed)           0.001     2.831    u_core/mem_sys/ram_a/ram_reg_uram_4_Cas_DoutA_4[2]
    URAM288_X0Y4                                                      f  u_core/mem_sys/ram_a/ram_reg_uram_4/CAS_IN_DOUT_A[2]
    URAM288_X0Y4         URAM288 (Prop_URAM_288K_INST_URAM288_CAS_IN_DOUT_A[2]_DOUT_A[2])
                                                      0.269     3.100 f  u_core/mem_sys/ram_a/ram_reg_uram_4/DOUT_A[2]
                         net (fo=4, routed)           0.793     3.893    u_core/mem_sys/ram_b/y_reg_reg[255][2]
    SLICE_X44Y53                                                      f  u_core/mem_sys/ram_b/h_reg[2]_i_1/I2
    SLICE_X44Y53         LUT3 (Prop_C5LUT_SLICEL_I2_O)
                                                      0.091     3.984 f  u_core/mem_sys/ram_b/h_reg[2]_i_1/O
                         net (fo=7, routed)           1.077     5.061    u_core/mem_sys/ram_b/bank_sel_reg_60
    SLICE_X43Y132                                                     f  u_core/mem_sys/ram_b/p1_wide_i_120/I5
    SLICE_X43Y132        LUT6 (Prop_H6LUT_SLICEM_I5_O)
                                                      0.084     5.145 f  u_core/mem_sys/ram_b/p1_wide_i_120/O
                         net (fo=1, routed)           0.157     5.302    u_core/mem_sys/ram_b/p1_wide_i_120_n_0
    SLICE_X43Y133                                                     f  u_core/mem_sys/ram_b/p1_wide_i_30/I5
    SLICE_X43Y133        LUT6 (Prop_H6LUT_SLICEM_I5_O)
                                                      0.154     5.456 f  u_core/mem_sys/ram_b/p1_wide_i_30/O
                         net (fo=2, routed)           0.497     5.952    u_core/u_rmsnorm_mul/p1_wide/A[2]
    DSP48E2_X11Y45                                                    f  u_core/u_rmsnorm_mul/p1_wide/DSP_A_B_DATA_INST/A[2]
    DSP48E2_X11Y45       DSP_A_B_DATA (Prop_DSP_A_B_DATA_DSP48E2_A[2]_A2_DATA[2])
                                                      0.258     6.210 r  u_core/u_rmsnorm_mul/p1_wide/DSP_A_B_DATA_INST/A2_DATA[2]
                         net (fo=1, routed)           0.000     6.210    u_core/u_rmsnorm_mul/p1_wide/DSP_A_B_DATA.A2_DATA<2>
    DSP48E2_X11Y45                                                    r  u_core/u_rmsnorm_mul/p1_wide/DSP_PREADD_DATA_INST/A2_DATA[2]
    DSP48E2_X11Y45       DSP_PREADD_DATA (Prop_DSP_PREADD_DATA_DSP48E2_A2_DATA[2]_A2A1[2])
                                                      0.114     6.324 r  u_core/u_rmsnorm_mul/p1_wide/DSP_PREADD_DATA_INST/A2A1[2]
                         net (fo=1, routed)           0.000     6.324    u_core/u_rmsnorm_mul/p1_wide/DSP_PREADD_DATA.A2A1<2>
    DSP48E2_X11Y45                                                    r  u_core/u_rmsnorm_mul/p1_wide/DSP_MULTIPLIER_INST/A2A1[2]
    DSP48E2_X11Y45       DSP_MULTIPLIER (Prop_DSP_MULTIPLIER_DSP48E2_A2A1[2]_U[23])
                                                      0.700     7.024 f  u_core/u_rmsnorm_mul/p1_wide/DSP_MULTIPLIER_INST/U[23]
                         net (fo=1, routed)           0.000     7.024    u_core/u_rmsnorm_mul/p1_wide/DSP_MULTIPLIER.U<23>
    DSP48E2_X11Y45                                                    f  u_core/u_rmsnorm_mul/p1_wide/DSP_M_DATA_INST/U[23]
    DSP48E2_X11Y45       DSP_M_DATA (Prop_DSP_M_DATA_DSP48E2_U[23]_U_DATA[23])
                                                      0.067     7.091 r  u_core/u_rmsnorm_mul/p1_wide/DSP_M_DATA_INST/U_DATA[23]
                         net (fo=1, routed)           0.000     7.091    u_core/u_rmsnorm_mul/p1_wide/DSP_M_DATA.U_DATA<23>
    DSP48E2_X11Y45                                                    r  u_core/u_rmsnorm_mul/p1_wide/DSP_ALU_INST/U_DATA[23]
    DSP48E2_X11Y45       DSP_ALU (Prop_DSP_ALU_DSP48E2_U_DATA[23]_ALU_OUT[29])
                                                      0.727     7.818 f  u_core/u_rmsnorm_mul/p1_wide/DSP_ALU_INST/ALU_OUT[29]
                         net (fo=1, routed)           0.000     7.818    u_core/u_rmsnorm_mul/p1_wide/DSP_ALU.ALU_OUT<29>
    DSP48E2_X11Y45                                                    f  u_core/u_rmsnorm_mul/p1_wide/DSP_OUTPUT_INST/ALU_OUT[29]
    DSP48E2_X11Y45       DSP_OUTPUT (Prop_DSP_OUTPUT_DSP48E2_ALU_OUT[29]_P[29])
                                                      0.146     7.964 r  u_core/u_rmsnorm_mul/p1_wide/DSP_OUTPUT_INST/P[29]
                         net (fo=4, routed)           0.415     8.379    u_core/u_rmsnorm_mul/p1_wide_n_76
    SLICE_X38Y110                                                     r  u_core/u_rmsnorm_mul/p1_reg0_carry_i_9/I0
    SLICE_X38Y110        LUT2 (Prop_C6LUT_SLICEM_I0_O)
                                                      0.135     8.514 r  u_core/u_rmsnorm_mul/p1_reg0_carry_i_9/O
                         net (fo=1, routed)           0.029     8.543    u_core/u_rmsnorm_mul/p1_reg0_carry_i_9_n_0
    SLICE_X38Y110                                                     r  u_core/u_rmsnorm_mul/p1_reg0_carry/S[2]
    SLICE_X38Y110        CARRY8 (Prop_CARRY8_SLICEM_S[2]_CO[7])
                                                      0.229     8.772 f  u_core/u_rmsnorm_mul/p1_reg0_carry/CO[7]
                         net (fo=1, routed)           0.030     8.802    u_core/u_rmsnorm_mul/p1_reg0_carry_n_0
    SLICE_X38Y111                                                     f  u_core/u_rmsnorm_mul/p1_reg0_carry__0/CI
    SLICE_X38Y111        CARRY8 (Prop_CARRY8_SLICEM_CI_CO[0])
                                                      0.074     8.876 f  u_core/u_rmsnorm_mul/p1_reg0_carry__0/CO[0]
                         net (fo=16, routed)          0.276     9.151    u_core/u_rmsnorm_mul/p_0_in
    SLICE_X37Y112                                                     f  u_core/u_rmsnorm_mul/p1_reg[5]_i_1/I1
    SLICE_X37Y112        LUT2 (Prop_D6LUT_SLICEM_I1_O)
                                                      0.080     9.231 r  u_core/u_rmsnorm_mul/p1_reg[5]_i_1/O
                         net (fo=1, routed)           0.096     9.327    u_core/u_rmsnorm_mul/p1_reg[5]_i_1_n_0
    SLICE_X37Y112        FDSE                                         r  u_core/u_rmsnorm_mul/p1_reg_reg[5]/D
  -------------------------------------------------------------------    -------------------

                         (clock clk rise edge)       10.000    10.000 r  
                         propagated clock network latency
                                                      0.030    10.030    
                         clock pessimism              0.000    10.030    
                         clock uncertainty           -0.035     9.995    
    SLICE_X37Y112        FDSE (Setup_DFF_SLICEM_C_D)
                                                      0.043    10.038    u_core/u_rmsnorm_mul/p1_reg_reg[5]
  -------------------------------------------------------------------
                         required time                         10.038    
                         arrival time                          -9.327    
  -------------------------------------------------------------------
                         slack                                  0.710    




