Copyright 1986-2022 Xilinx, Inc. All Rights Reserved.
---------------------------------------------------------------------------------------------------------------------
| Tool Version : Vivado v.2022.1 (win64) Build 3526262 Mon Apr 18 15:48:16 MDT 2022
| Date         : Sun Jun  7 12:36:46 2026
| Host         : letun running 64-bit major release  (build 9200)
| Command      : report_utilization -hierarchical -hierarchical_depth 3 -file reports/d1_compare/mamba_util_hier.rpt
| Design       : Mamba_Top
| Device       : xck26-sfvc784-2LV-c
| Speed File   : -2LV
| Design State : Routed
---------------------------------------------------------------------------------------------------------------------

Utilization Design Information

Table of Contents
-----------------
1. Utilization by Hierarchy

1. Utilization by Hierarchy
---------------------------

+-----------------------+---------------------------+------------+------------+---------+------+------+--------+--------+------+------------+
|        Instance       |           Module          | Total LUTs | Logic LUTs | LUTRAMs | SRLs |  FFs | RAMB36 | RAMB18 | URAM | DSP Blocks |
+-----------------------+---------------------------+------------+------------+---------+------+------+--------+--------+------+------------+
| Mamba_Top             |                     (top) |       7513 |       7513 |       0 |    0 | 3945 |    118 |      0 |   40 |         39 |
|   (Mamba_Top)         |                     (top) |        149 |        149 |       0 |    0 |    0 |      0 |      0 |    0 |          0 |
|   u_core              |                ITM_Top_v2 |       7366 |       7366 |       0 |    0 | 3945 |    118 |      0 |   40 |         39 |
|     (u_core)          |                ITM_Top_v2 |       1850 |       1850 |       0 |    0 | 3030 |      0 |      0 |    0 |          5 |
|     mem_sys           |             Memory_System |       3382 |       3382 |       0 |    0 |    3 |    114 |      0 |   40 |          0 |
|       ram_a           |                 BRAM_256b |        923 |        923 |       0 |    0 |    0 |      0 |      0 |   20 |          0 |
|       ram_b           |              BRAM_256b_15 |       2051 |       2051 |       0 |    0 |    0 |      0 |      0 |   20 |          0 |
|       ram_weight      | BRAM_256b__parameterized0 |        680 |        680 |       0 |    0 |    3 |    114 |      0 |    0 |          0 |
|     pe_arr            |                  PE_Array |       1885 |       1885 |       0 |    0 |  896 |      0 |      0 |    0 |         32 |
|       PE_CORE[0].upe  |                Unified_PE |        122 |        122 |       0 |    0 |   56 |      0 |      0 |    0 |          2 |
|       PE_CORE[10].upe |              Unified_PE_0 |        114 |        114 |       0 |    0 |   56 |      0 |      0 |    0 |          2 |
|       PE_CORE[11].upe |              Unified_PE_1 |        113 |        113 |       0 |    0 |   56 |      0 |      0 |    0 |          2 |
|       PE_CORE[12].upe |              Unified_PE_2 |        124 |        124 |       0 |    0 |   56 |      0 |      0 |    0 |          2 |
|       PE_CORE[13].upe |              Unified_PE_3 |        136 |        136 |       0 |    0 |   56 |      0 |      0 |    0 |          2 |
|       PE_CORE[14].upe |              Unified_PE_4 |        123 |        123 |       0 |    0 |   56 |      0 |      0 |    0 |          2 |
|       PE_CORE[15].upe |              Unified_PE_5 |        123 |        123 |       0 |    0 |   56 |      0 |      0 |    0 |          2 |
|       PE_CORE[1].upe  |              Unified_PE_6 |        122 |        122 |       0 |    0 |   56 |      0 |      0 |    0 |          2 |
|       PE_CORE[2].upe  |              Unified_PE_7 |        123 |        123 |       0 |    0 |   56 |      0 |      0 |    0 |          2 |
|       PE_CORE[3].upe  |              Unified_PE_8 |        114 |        114 |       0 |    0 |   56 |      0 |      0 |    0 |          2 |
|       PE_CORE[4].upe  |              Unified_PE_9 |        113 |        113 |       0 |    0 |   56 |      0 |      0 |    0 |          2 |
|       PE_CORE[5].upe  |             Unified_PE_10 |        113 |        113 |       0 |    0 |   56 |      0 |      0 |    0 |          2 |
|       PE_CORE[6].upe  |             Unified_PE_11 |        114 |        114 |       0 |    0 |   56 |      0 |      0 |    0 |          2 |
|       PE_CORE[7].upe  |             Unified_PE_12 |        114 |        114 |       0 |    0 |   56 |      0 |      0 |    0 |          2 |
|       PE_CORE[8].upe  |             Unified_PE_13 |        112 |        112 |       0 |    0 |   56 |      0 |      0 |    0 |          2 |
|       PE_CORE[9].upe  |             Unified_PE_14 |        114 |        114 |       0 |    0 |   56 |      0 |      0 |    0 |          2 |
|     u_const           |             Const_Storage |        199 |        199 |       0 |    0 |    0 |      4 |      0 |    0 |          0 |
|       ram_const       | BRAM_256b__parameterized1 |        199 |        199 |       0 |    0 |    0 |      4 |      0 |    0 |          0 |
|     u_rmsnorm_mul     |               RMSNorm_Mul |         51 |         51 |       0 |    0 |   16 |      0 |      0 |    0 |          2 |
+-----------------------+---------------------------+------------+------------+---------+------+------+--------+--------+------+------------+
* Note: The sum of lower-level cells may be larger than their parent cells total, due to cross-hierarchy LUT combining


