Copyright 1986-2022 Xilinx, Inc. All Rights Reserved.
-------------------------------------------------------------------------------------------------------------------------------------------
| Tool Version      : Vivado v.2022.1 (win64) Build 3526262 Mon Apr 18 15:48:16 MDT 2022
| Date              : Sun Jul 19 14:02:16 2026
| Host              : letun running 64-bit major release  (build 9200)
| Command           : report_timing_summary -file C:/Users/ADMIN/Downloads/DoAn1/DoAn1/ITMN_FASTMAMBA/reports_mamba2/post_route_timing.rpt
| Design            : Mamba_Top
| Device            : xck26-sfvc784
| Speed File        : -2LV  PRODUCTION 1.29 08-03-2020
| Temperature Grade : C
-------------------------------------------------------------------------------------------------------------------------------------------

Timing Summary Report

------------------------------------------------------------------------------------------------
| Timer Settings
| --------------
------------------------------------------------------------------------------------------------

  Enable Multi Corner Analysis               :  Yes
  Enable Pessimism Removal                   :  Yes
  Pessimism Removal Resolution               :  Nearest Common Node
  Enable Input Delay Default Clock           :  No
  Enable Preset / Clear Arcs                 :  No
  Disable Flight Delays                      :  No
  Ignore I/O Paths                           :  No
  Timing Early Launch at Borrowing Latches   :  No
  Borrow Time for Max Delay Exceptions       :  Yes
  Merge Timing Exceptions                    :  Yes

  Corner  Analyze    Analyze    
  Name    Max Paths  Min Paths  
  ------  ---------  ---------  
  Slow    Yes        Yes        
  Fast    Yes        Yes        


------------------------------------------------------------------------------------------------
| Report Methodology
| ------------------
------------------------------------------------------------------------------------------------

No report available as report_methodology has not been run prior. Run report_methodology on the current design for the summary of methodology violations.



check_timing report

Table of Contents
-----------------
1. checking no_clock (0)
2. checking constant_clock (0)
3. checking pulse_width_clock (0)
4. checking unconstrained_internal_endpoints (0)
5. checking no_input_delay (39)
6. checking no_output_delay (0)
7. checking multiple_clock (0)
8. checking generated_clocks (0)
9. checking loops (0)
10. checking partial_input_delay (0)
11. checking partial_output_delay (0)
12. checking latch_loops (0)

1. checking no_clock (0)
------------------------
 There are 0 register/latch pins with no clock.


2. checking constant_clock (0)
------------------------------
 There are 0 register/latch pins with constant_clock.


3. checking pulse_width_clock (0)
---------------------------------
 There are 0 register/latch pins which need pulse_width check


4. checking unconstrained_internal_endpoints (0)
------------------------------------------------
 There are 0 pins that are not constrained for maximum delay.

 There are 0 pins that are not constrained for maximum delay due to constant clock.


5. checking no_input_delay (39)
-------------------------------
 There are 0 input ports with no input delay specified.

 There are 39 input ports with no input delay but user has a false path constraint. (MEDIUM)


6. checking no_output_delay (0)
-------------------------------
 There are 0 ports with no output delay specified.

 There are 0 ports with no output delay but user has a false path constraint

 There are 0 ports with no output delay but with a timing clock defined on it or propagating through it


7. checking multiple_clock (0)
------------------------------
 There are 0 register/latch pins with multiple clocks.


8. checking generated_clocks (0)
--------------------------------
 There are 0 generated clocks that are not connected to a clock source.


9. checking loops (0)
---------------------
 There are 0 combinational loops in the design.


10. checking partial_input_delay (0)
------------------------------------
 There are 0 input ports with partial input delay specified.


11. checking partial_output_delay (0)
-------------------------------------
 There are 0 ports with partial output delay specified.


12. checking latch_loops (0)
----------------------------
 There are 0 combinational latch loops in the design through latch input



------------------------------------------------------------------------------------------------
| Design Timing Summary
| ---------------------
------------------------------------------------------------------------------------------------

    WNS(ns)      TNS(ns)  TNS Failing Endpoints  TNS Total Endpoints      WHS(ns)      THS(ns)  THS Failing Endpoints  THS Total Endpoints     WPWS(ns)     TPWS(ns)  TPWS Failing Endpoints  TPWS Total Endpoints  
    -------      -------  ---------------------  -------------------      -------      -------  ---------------------  -------------------     --------     --------  ----------------------  --------------------  
      0.400        0.000                      0                16904        0.046        0.000                      0                16904        4.200        0.000                       0                  6007  


All user specified timing constraints are met.


------------------------------------------------------------------------------------------------
| Clock Summary
| -------------
------------------------------------------------------------------------------------------------

Clock  Waveform(ns)       Period(ns)      Frequency(MHz)
-----  ------------       ----------      --------------
clk    {0.000 5.000}      10.000          100.000         


------------------------------------------------------------------------------------------------
| Intra Clock Table
| -----------------
------------------------------------------------------------------------------------------------

Clock             WNS(ns)      TNS(ns)  TNS Failing Endpoints  TNS Total Endpoints      WHS(ns)      THS(ns)  THS Failing Endpoints  THS Total Endpoints     WPWS(ns)     TPWS(ns)  TPWS Failing Endpoints  TPWS Total Endpoints  
-----             -------      -------  ---------------------  -------------------      -------      -------  ---------------------  -------------------     --------     --------  ----------------------  --------------------  
clk                 0.400        0.000                      0                16904        0.046        0.000                      0                16904        4.200        0.000                       0                  6007  


------------------------------------------------------------------------------------------------
| Inter Clock Table
| -----------------
------------------------------------------------------------------------------------------------

From Clock    To Clock          WNS(ns)      TNS(ns)  TNS Failing Endpoints  TNS Total Endpoints      WHS(ns)      THS(ns)  THS Failing Endpoints  THS Total Endpoints  
----------    --------          -------      -------  ---------------------  -------------------      -------      -------  ---------------------  -------------------  


------------------------------------------------------------------------------------------------
| Other Path Groups Table
| -----------------------
------------------------------------------------------------------------------------------------

Path Group    From Clock    To Clock          WNS(ns)      TNS(ns)  TNS Failing Endpoints  TNS Total Endpoints      WHS(ns)      THS(ns)  THS Failing Endpoints  THS Total Endpoints  
----------    ----------    --------          -------      -------  ---------------------  -------------------      -------      -------  ---------------------  -------------------  


------------------------------------------------------------------------------------------------
| Timing Details
| --------------
------------------------------------------------------------------------------------------------


---------------------------------------------------------------------------------------------------
From Clock:  clk
  To Clock:  clk

Setup :            0  Failing Endpoints,  Worst Slack        0.400ns,  Total Violation        0.000ns
Hold  :            0  Failing Endpoints,  Worst Slack        0.046ns,  Total Violation        0.000ns
PW    :            0  Failing Endpoints,  Worst Slack        4.200ns,  Total Violation        0.000ns
---------------------------------------------------------------------------------------------------


Max Delay Paths
--------------------------------------------------------------------------------------
Slack (MET) :             0.400ns  (required time - arrival time)
  Source:                 state_reg[6]/C
                            (rising edge-triggered cell FDCE clocked by clk  {rise@0.000ns fall@5.000ns period=10.000ns})
  Destination:            u_mc/PE_LANE[4].u_pe/out_val_reg[13]/D
                            (rising edge-triggered cell FDCE clocked by clk  {rise@0.000ns fall@5.000ns period=10.000ns})
  Path Group:             clk
  Path Type:              Setup (Max at Slow Process Corner)
  Requirement:            10.000ns  (clk rise@10.000ns - clk rise@0.000ns)
  Data Path Delay:        9.445ns  (logic 5.345ns (56.591%)  route 4.100ns (43.409%))
  Logic Levels:           22  (CARRY8=4 DSP_A_B_DATA=1 DSP_ALU=2 DSP_C_DATA=1 DSP_M_DATA=1 DSP_MULTIPLIER=1 DSP_OUTPUT=2 DSP_PREADD_DATA=1 LUT2=1 LUT3=1 LUT4=2 LUT6=5)
  Clock Path Skew:        -0.014ns (DCD - SCD + CPR)
    Destination Clock Delay (DCD):    0.029ns = ( 10.029 - 10.000 ) 
    Source Clock Delay      (SCD):    0.043ns
    Clock Pessimism Removal (CPR):    0.000ns
  Clock Uncertainty:      0.185ns  ((TSJ^2 + TIJ^2)^1/2 + DJ) / 2 + PE + UU
    Total System Jitter     (TSJ):    0.071ns
    Total Input Jitter      (TIJ):    0.000ns
    Discrete Jitter          (DJ):    0.000ns
    Phase Error              (PE):    0.000ns
    User Uncertainty         (UU):    0.150ns

    Location             Delay type                Incr(ns)  Path(ns)    Netlist Resource(s)
  -------------------------------------------------------------------    -------------------
                         (clock clk rise edge)        0.000     0.000 r  
                                                      0.000     0.000 r  clk (IN)
                         net (fo=6006, unset)         0.043     0.043    clk
    SLICE_X24Y52         FDCE                                         r  state_reg[6]/C
  -------------------------------------------------------------------    -------------------
    SLICE_X24Y52         FDCE (Prop_EFF_SLICEM_C_Q)
                                                      0.113     0.156 r  state_reg[6]/Q
                         net (fo=52, routed)          0.189     0.345    u_mc/u_hrf/acc_raw[13]_i_13__0[4]
    SLICE_X24Y53         LUT4 (Prop_H6LUT_SLICEM_I0_O)
                                                      0.189     0.534 f  u_mc/u_hrf/m1_i_18/O
                         net (fo=7, routed)           0.528     1.061    u_mc/u_hrf/state_reg[6]
    SLICE_X22Y54         LUT6 (Prop_F6LUT_SLICEL_I0_O)
                                                      0.224     1.285 r  u_mc/u_hrf/mem_reg_uram_0_i_102/O
                         net (fo=82, routed)          0.559     1.844    u_mc/PE_LANE[4].u_pe/mem_reg_uram_0
    SLICE_X12Y55         LUT4 (Prop_B6LUT_SLICEM_I0_O)
                                                      0.137     1.981 f  u_mc/PE_LANE[4].u_pe/m1_i_10__10/O
                         net (fo=1, routed)           0.210     2.191    u_mc/PE_LANE[4].u_pe/m1/B[6]
    DSP48E2_X3Y22        DSP_A_B_DATA (Prop_DSP_A_B_DATA_DSP48E2_B[6]_B2_DATA[6])
                                                      0.216     2.407 r  u_mc/PE_LANE[4].u_pe/m1/DSP_A_B_DATA_INST/B2_DATA[6]
                         net (fo=1, routed)           0.000     2.407    u_mc/PE_LANE[4].u_pe/m1/DSP_A_B_DATA.B2_DATA<6>
    DSP48E2_X3Y22        DSP_PREADD_DATA (Prop_DSP_PREADD_DATA_DSP48E2_B2_DATA[6]_B2B1[6])
                                                      0.097     2.504 r  u_mc/PE_LANE[4].u_pe/m1/DSP_PREADD_DATA_INST/B2B1[6]
                         net (fo=1, routed)           0.000     2.504    u_mc/PE_LANE[4].u_pe/m1/DSP_PREADD_DATA.B2B1<6>
    DSP48E2_X3Y22        DSP_MULTIPLIER (Prop_DSP_MULTIPLIER_DSP48E2_B2B1[6]_U[17])
                                                      0.773     3.277 f  u_mc/PE_LANE[4].u_pe/m1/DSP_MULTIPLIER_INST/U[17]
                         net (fo=1, routed)           0.000     3.277    u_mc/PE_LANE[4].u_pe/m1/DSP_MULTIPLIER.U<17>
    DSP48E2_X3Y22        DSP_M_DATA (Prop_DSP_M_DATA_DSP48E2_U[17]_U_DATA[17])
                                                      0.067     3.344 r  u_mc/PE_LANE[4].u_pe/m1/DSP_M_DATA_INST/U_DATA[17]
                         net (fo=1, routed)           0.000     3.344    u_mc/PE_LANE[4].u_pe/m1/DSP_M_DATA.U_DATA<17>
    DSP48E2_X3Y22        DSP_ALU (Prop_DSP_ALU_DSP48E2_U_DATA[17]_ALU_OUT[17])
                                                      0.727     4.071 f  u_mc/PE_LANE[4].u_pe/m1/DSP_ALU_INST/ALU_OUT[17]
                         net (fo=1, routed)           0.000     4.071    u_mc/PE_LANE[4].u_pe/m1/DSP_ALU.ALU_OUT<17>
    DSP48E2_X3Y22        DSP_OUTPUT (Prop_DSP_OUTPUT_DSP48E2_ALU_OUT[17]_P[17])
                                                      0.146     4.217 r  u_mc/PE_LANE[4].u_pe/m1/DSP_OUTPUT_INST/P[17]
                         net (fo=4, routed)           0.702     4.920    u_mc/PE_LANE[4].u_pe/m12_sum/C[17]
    DSP48E2_X2Y24        DSP_C_DATA (Prop_DSP_C_DATA_DSP48E2_C[17]_C_DATA[17])
                                                      0.135     5.055 r  u_mc/PE_LANE[4].u_pe/m12_sum/DSP_C_DATA_INST/C_DATA[17]
                         net (fo=2, routed)           0.000     5.055    u_mc/PE_LANE[4].u_pe/m12_sum/DSP_C_DATA.C_DATA<17>
    DSP48E2_X2Y24        DSP_ALU (Prop_DSP_ALU_DSP48E2_C_DATA[17]_ALU_OUT[20])
                                                      0.786     5.841 f  u_mc/PE_LANE[4].u_pe/m12_sum/DSP_ALU_INST/ALU_OUT[20]
                         net (fo=1, routed)           0.000     5.841    u_mc/PE_LANE[4].u_pe/m12_sum/DSP_ALU.ALU_OUT<20>
    DSP48E2_X2Y24        DSP_OUTPUT (Prop_DSP_OUTPUT_DSP48E2_ALU_OUT[20]_P[20])
                                                      0.146     5.987 r  u_mc/PE_LANE[4].u_pe/m12_sum/DSP_OUTPUT_INST/P[20]
                         net (fo=3, routed)           0.459     6.446    u_mc/PE_LANE[4].u_pe/m12_sum__0[20]
    SLICE_X5Y60          LUT6 (Prop_E6LUT_SLICEM_I2_O)
                                                      0.152     6.598 r  u_mc/PE_LANE[4].u_pe/acc_raw[26]_i_34/O
                         net (fo=1, routed)           0.018     6.616    u_mc/PE_LANE[4].u_pe/acc_raw[26]_i_34_n_0
    SLICE_X5Y60          CARRY8 (Prop_CARRY8_SLICEM_S[4]_CO[7])
                                                      0.236     6.852 r  u_mc/PE_LANE[4].u_pe/acc_raw_reg[26]_i_6/CO[7]
                         net (fo=1, routed)           0.030     6.882    u_mc/PE_LANE[4].u_pe/acc_raw_reg[26]_i_6_n_0
    SLICE_X5Y61          CARRY8 (Prop_CARRY8_SLICEM_CI_O[5])
                                                      0.161     7.043 r  u_mc/PE_LANE[4].u_pe/acc_raw_reg[26]_i_5/O[5]
                         net (fo=3, routed)           0.217     7.260    PE_LANE[4].u_pe/mac_acc[29]
    SLICE_X4Y61          LUT2 (Prop_E5LUT_SLICEM_I0_O)
                                                      0.225     7.485 f  out_val[15]_i_104__0/O
                         net (fo=2, routed)           0.192     7.677    u_mc/PE_LANE[4].u_pe/out_val_reg[15]_i_14__0_3
    SLICE_X4Y61          LUT6 (Prop_F6LUT_SLICEM_I2_O)
                                                      0.080     7.757 f  u_mc/PE_LANE[4].u_pe/out_val[15]_i_51__0/O
                         net (fo=1, routed)           0.251     8.008    u_mc/PE_LANE[4].u_pe/out_val[15]_i_51__0_n_0
    SLICE_X4Y62          CARRY8 (Prop_CARRY8_SLICEM_DI[2]_CO[7])
                                                      0.164     8.172 f  u_mc/PE_LANE[4].u_pe/out_val_reg[15]_i_14__0/CO[7]
                         net (fo=1, routed)           0.030     8.202    u_mc/PE_LANE[4].u_pe/out_val_reg[15]_i_14__0_n_0
    SLICE_X4Y63          CARRY8 (Prop_CARRY8_SLICEM_CI_CO[4])
                                                      0.128     8.330 f  u_mc/PE_LANE[4].u_pe/out_val_reg[15]_i_4__0/CO[4]
                         net (fo=2, routed)           0.207     8.537    u_mc/PE_LANE[4].u_pe/sat1613_in
    SLICE_X4Y61          LUT3 (Prop_A6LUT_SLICEM_I2_O)
                                                      0.083     8.620 r  u_mc/PE_LANE[4].u_pe/out_val[14]_i_18/O
                         net (fo=15, routed)          0.371     8.991    u_mc/PE_LANE[4].u_pe/out_val[14]_i_18_n_0
    SLICE_X9Y59          LUT6 (Prop_F6LUT_SLICEL_I5_O)
                                                      0.136     9.127 r  u_mc/PE_LANE[4].u_pe/out_val[13]_i_2__0/O
                         net (fo=1, routed)           0.070     9.197    u_mc/PE_LANE[4].u_pe/out_val[13]_i_2__0_n_0
    SLICE_X9Y59          LUT6 (Prop_B6LUT_SLICEL_I5_O)
                                                      0.224     9.421 r  u_mc/PE_LANE[4].u_pe/out_val[13]_i_1__0/O
                         net (fo=1, routed)           0.067     9.488    u_mc/PE_LANE[4].u_pe/out_val[13]_i_1__0_n_0
    SLICE_X9Y59          FDCE                                         r  u_mc/PE_LANE[4].u_pe/out_val_reg[13]/D
  -------------------------------------------------------------------    -------------------

                         (clock clk rise edge)       10.000    10.000 r  
                                                      0.000    10.000 r  clk (IN)
                         net (fo=6006, unset)         0.029    10.029    u_mc/PE_LANE[4].u_pe/clk
    SLICE_X9Y59          FDCE                                         r  u_mc/PE_LANE[4].u_pe/out_val_reg[13]/C
                         clock pessimism              0.000    10.029    
                         clock uncertainty           -0.185     9.844    
    SLICE_X9Y59          FDCE (Setup_BFF_SLICEL_C_D)
                                                      0.044     9.888    u_mc/PE_LANE[4].u_pe/out_val_reg[13]
  -------------------------------------------------------------------
                         required time                          9.888    
                         arrival time                          -9.488    
  -------------------------------------------------------------------
                         slack                                  0.400    





Min Delay Paths
--------------------------------------------------------------------------------------
Slack (MET) :             0.046ns  (arrival time - required time)
  Source:                 u_mc/PE_LANE[15].u_pe/out_val2_reg[2]/C
                            (rising edge-triggered cell FDCE clocked by clk  {rise@0.000ns fall@5.000ns period=10.000ns})
  Destination:            m6_dB_reg_reg[242]/D
                            (rising edge-triggered cell FDCE clocked by clk  {rise@0.000ns fall@5.000ns period=10.000ns})
  Path Group:             clk
  Path Type:              Hold (Min at Fast Process Corner)
  Requirement:            0.000ns  (clk rise@0.000ns - clk rise@0.000ns)
  Data Path Delay:        0.148ns  (logic 0.082ns (55.542%)  route 0.066ns (44.458%))
  Logic Levels:           0  
  Clock Path Skew:        0.007ns (DCD - SCD - CPR)
    Destination Clock Delay (DCD):    0.021ns
    Source Clock Delay      (SCD):    0.014ns
    Clock Pessimism Removal (CPR):    -0.000ns
  Clock Uncertainty:      0.050ns  ((TSJ^2 + TIJ^2)^1/2 + DJ) / 2 + PE + UU
    Total System Jitter     (TSJ):    0.000ns
    Total Input Jitter      (TIJ):    0.000ns
    Discrete Jitter          (DJ):    0.000ns
    Phase Error              (PE):    0.000ns
    User Uncertainty         (UU):    0.050ns

    Location             Delay type                Incr(ns)  Path(ns)    Netlist Resource(s)
  -------------------------------------------------------------------    -------------------
                         (clock clk rise edge)        0.000     0.000 r  
                                                      0.000     0.000 r  clk (IN)
                         net (fo=6006, unset)         0.014     0.014    u_mc/PE_LANE[15].u_pe/clk
    SLICE_X28Y39         FDCE                                         r  u_mc/PE_LANE[15].u_pe/out_val2_reg[2]/C
  -------------------------------------------------------------------    -------------------
    SLICE_X28Y39         FDCE (Prop_AFF_SLICEM_C_Q)
                                                      0.082     0.096 r  u_mc/PE_LANE[15].u_pe/out_val2_reg[2]/Q
                         net (fo=2, routed)           0.066     0.162    cl_out_vec2[242]
    SLICE_X28Y38         FDCE                                         r  m6_dB_reg_reg[242]/D
  -------------------------------------------------------------------    -------------------

                         (clock clk rise edge)        0.000     0.000 r  
                                                      0.000     0.000 r  clk (IN)
                         net (fo=6006, unset)         0.021     0.021    clk
    SLICE_X28Y38         FDCE                                         r  m6_dB_reg_reg[242]/C
                         clock pessimism              0.000     0.021    
                         clock uncertainty            0.050     0.071    
    SLICE_X28Y38         FDCE (Hold_HFF2_SLICEM_C_D)
                                                      0.045     0.116    m6_dB_reg_reg[242]
  -------------------------------------------------------------------
                         required time                         -0.116    
                         arrival time                           0.162    
  -------------------------------------------------------------------
                         slack                                  0.046    





Pulse Width Checks
--------------------------------------------------------------------------------------
Clock Name:         clk
Waveform(ns):       { 0.000 5.000 }
Period(ns):         10.000
Sources:            { clk }

Check Type        Corner  Lib Pin      Reference Pin  Required(ns)  Actual(ns)  Slack(ns)  Location      Pin
Min Period        n/a     URAM288/CLK  n/a            2.471         10.000      7.529      URAM288_X0Y8  u_mc/u_hrf/mem_reg_uram_0/CLK
Low Pulse Width   Slow    URAM288/CLK  n/a            0.800         5.000       4.200      URAM288_X0Y8  u_mc/u_hrf/mem_reg_uram_0/CLK
High Pulse Width  Slow    URAM288/CLK  n/a            0.800         5.000       4.200      URAM288_X0Y8  u_mc/u_hrf/mem_reg_uram_0/CLK



