Copyright 1986-2022 Xilinx, Inc. All Rights Reserved.
-------------------------------------------------------------------------------------------------------------------------------------------
| Tool Version      : Vivado v.2022.1 (win64) Build 3526262 Mon Apr 18 15:48:16 MDT 2022
| Date              : Sun Jul 19 13:57:19 2026
| Host              : letun running 64-bit major release  (build 9200)
| Command           : report_timing_summary -file C:/Users/ADMIN/Downloads/DoAn1/DoAn1/ITMN_FASTMAMBA/reports_mamba2/post_synth_timing.rpt
| Design            : Mamba_Top
| Device            : xck26-sfvc784
| Speed File        : -2LV  PRODUCTION 1.29 08-03-2020
| Temperature Grade : C
-------------------------------------------------------------------------------------------------------------------------------------------

Timing Summary Report

------------------------------------------------------------------------------------------------
| Timer Settings
| --------------
------------------------------------------------------------------------------------------------

  Enable Multi Corner Analysis               :  Yes
  Enable Pessimism Removal                   :  Yes
  Pessimism Removal Resolution               :  Nearest Common Node
  Enable Input Delay Default Clock           :  No
  Enable Preset / Clear Arcs                 :  No
  Disable Flight Delays                      :  No
  Ignore I/O Paths                           :  No
  Timing Early Launch at Borrowing Latches   :  No
  Borrow Time for Max Delay Exceptions       :  Yes
  Merge Timing Exceptions                    :  Yes

  Corner  Analyze    Analyze    
  Name    Max Paths  Min Paths  
  ------  ---------  ---------  
  Slow    Yes        Yes        
  Fast    Yes        Yes        


------------------------------------------------------------------------------------------------
| Report Methodology
| ------------------
------------------------------------------------------------------------------------------------

No report available as report_methodology has not been run prior. Run report_methodology on the current design for the summary of methodology violations.



check_timing report

Table of Contents
-----------------
1. checking no_clock (0)
2. checking constant_clock (0)
3. checking pulse_width_clock (0)
4. checking unconstrained_internal_endpoints (0)
5. checking no_input_delay (39)
6. checking no_output_delay (0)
7. checking multiple_clock (0)
8. checking generated_clocks (0)
9. checking loops (0)
10. checking partial_input_delay (0)
11. checking partial_output_delay (0)
12. checking latch_loops (0)

1. checking no_clock (0)
------------------------
 There are 0 register/latch pins with no clock.


2. checking constant_clock (0)
------------------------------
 There are 0 register/latch pins with constant_clock.


3. checking pulse_width_clock (0)
---------------------------------
 There are 0 register/latch pins which need pulse_width check


4. checking unconstrained_internal_endpoints (0)
------------------------------------------------
 There are 0 pins that are not constrained for maximum delay.

 There are 0 pins that are not constrained for maximum delay due to constant clock.


5. checking no_input_delay (39)
-------------------------------
 There are 0 input ports with no input delay specified.

 There are 39 input ports with no input delay but user has a false path constraint. (MEDIUM)


6. checking no_output_delay (0)
-------------------------------
 There are 0 ports with no output delay specified.

 There are 0 ports with no output delay but user has a false path constraint

 There are 0 ports with no output delay but with a timing clock defined on it or propagating through it


7. checking multiple_clock (0)
------------------------------
 There are 0 register/latch pins with multiple clocks.


8. checking generated_clocks (0)
--------------------------------
 There are 0 generated clocks that are not connected to a clock source.


9. checking loops (0)
---------------------
 There are 0 combinational loops in the design.


10. checking partial_input_delay (0)
------------------------------------
 There are 0 input ports with partial input delay specified.


11. checking partial_output_delay (0)
-------------------------------------
 There are 0 ports with partial output delay specified.


12. checking latch_loops (0)
----------------------------
 There are 0 combinational latch loops in the design through latch input



------------------------------------------------------------------------------------------------
| Design Timing Summary
| ---------------------
------------------------------------------------------------------------------------------------

    WNS(ns)      TNS(ns)  TNS Failing Endpoints  TNS Total Endpoints      WHS(ns)      THS(ns)  THS Failing Endpoints  THS Total Endpoints     WPWS(ns)     TPWS(ns)  TPWS Failing Endpoints  TPWS Total Endpoints  
    -------      -------  ---------------------  -------------------      -------      -------  ---------------------  -------------------     --------     --------  ----------------------  --------------------  
      2.118        0.000                      0                16850        0.059        0.000                      0                16850        4.200        0.000                       0                  6003  


All user specified timing constraints are met.


------------------------------------------------------------------------------------------------
| Clock Summary
| -------------
------------------------------------------------------------------------------------------------

Clock  Waveform(ns)       Period(ns)      Frequency(MHz)
-----  ------------       ----------      --------------
clk    {0.000 5.000}      10.000          100.000         


------------------------------------------------------------------------------------------------
| Intra Clock Table
| -----------------
------------------------------------------------------------------------------------------------

Clock             WNS(ns)      TNS(ns)  TNS Failing Endpoints  TNS Total Endpoints      WHS(ns)      THS(ns)  THS Failing Endpoints  THS Total Endpoints     WPWS(ns)     TPWS(ns)  TPWS Failing Endpoints  TPWS Total Endpoints  
-----             -------      -------  ---------------------  -------------------      -------      -------  ---------------------  -------------------     --------     --------  ----------------------  --------------------  
clk                 2.118        0.000                      0                16850        0.059        0.000                      0                16850        4.200        0.000                       0                  6003  


------------------------------------------------------------------------------------------------
| Inter Clock Table
| -----------------
------------------------------------------------------------------------------------------------

From Clock    To Clock          WNS(ns)      TNS(ns)  TNS Failing Endpoints  TNS Total Endpoints      WHS(ns)      THS(ns)  THS Failing Endpoints  THS Total Endpoints  
----------    --------          -------      -------  ---------------------  -------------------      -------      -------  ---------------------  -------------------  


------------------------------------------------------------------------------------------------
| Other Path Groups Table
| -----------------------
------------------------------------------------------------------------------------------------

Path Group    From Clock    To Clock          WNS(ns)      TNS(ns)  TNS Failing Endpoints  TNS Total Endpoints      WHS(ns)      THS(ns)  THS Failing Endpoints  THS Total Endpoints  
----------    ----------    --------          -------      -------  ---------------------  -------------------      -------      -------  ---------------------  -------------------  


------------------------------------------------------------------------------------------------
| Timing Details
| --------------
------------------------------------------------------------------------------------------------


---------------------------------------------------------------------------------------------------
From Clock:  clk
  To Clock:  clk

Setup :            0  Failing Endpoints,  Worst Slack        2.118ns,  Total Violation        0.000ns
Hold  :            0  Failing Endpoints,  Worst Slack        0.059ns,  Total Violation        0.000ns
PW    :            0  Failing Endpoints,  Worst Slack        4.200ns,  Total Violation        0.000ns
---------------------------------------------------------------------------------------------------


Max Delay Paths
--------------------------------------------------------------------------------------
Slack (MET) :             2.118ns  (required time - arrival time)
  Source:                 state_reg[2]/C
                            (rising edge-triggered cell FDCE clocked by clk  {rise@0.000ns fall@5.000ns period=10.000ns})
  Destination:            u_mc/PE_LANE[0].u_pe/out_val_reg[0]/D
                            (rising edge-triggered cell FDCE clocked by clk  {rise@0.000ns fall@5.000ns period=10.000ns})
  Path Group:             clk
  Path Type:              Setup (Max at Slow Process Corner)
  Requirement:            10.000ns  (clk rise@10.000ns - clk rise@0.000ns)
  Data Path Delay:        7.729ns  (logic 4.840ns (62.621%)  route 2.889ns (37.379%))
  Logic Levels:           25  (CARRY8=7 DSP_A_B_DATA=1 DSP_ALU=2 DSP_C_DATA=1 DSP_M_DATA=1 DSP_MULTIPLIER=1 DSP_OUTPUT=2 DSP_PREADD_DATA=1 LUT3=2 LUT4=1 LUT6=6)
  Clock Path Skew:        -0.012ns (DCD - SCD + CPR)
    Destination Clock Delay (DCD):    0.029ns = ( 10.029 - 10.000 ) 
    Source Clock Delay      (SCD):    0.041ns
    Clock Pessimism Removal (CPR):    0.000ns
  Clock Uncertainty:      0.185ns  ((TSJ^2 + TIJ^2)^1/2 + DJ) / 2 + PE + UU
    Total System Jitter     (TSJ):    0.071ns
    Total Input Jitter      (TIJ):    0.000ns
    Discrete Jitter          (DJ):    0.000ns
    Phase Error              (PE):    0.000ns
    User Uncertainty         (UU):    0.150ns

    Location             Delay type                Incr(ns)  Path(ns)    Netlist Resource(s)
  -------------------------------------------------------------------    -------------------
                         (clock clk rise edge)        0.000     0.000 r  
                                                      0.000     0.000 r  clk (IN)
                         net (fo=6002, unset)         0.041     0.041    clk
                         FDCE                                         r  state_reg[2]/C
  -------------------------------------------------------------------    -------------------
                         FDCE (Prop_FDCE_C_Q)         0.114     0.155 r  state_reg[2]/Q
                         net (fo=1063, unplaced)      0.245     0.400    u_mc/u_hrf/acc_raw[13]_i_13__0[1]
                         LUT3 (Prop_LUT3_I0_O)        0.137     0.537 f  u_mc/u_hrf/m1_i_19/O
                         net (fo=7, unplaced)         0.243     0.780    u_mc/PE_LANE[7].u_pe/m1_i_16__14_0
                         LUT6 (Prop_LUT6_I1_O)        0.058     0.838 r  u_mc/PE_LANE[7].u_pe/m1_i_17/O
                         net (fo=128, unplaced)       0.309     1.147    u_mc/PE_LANE[0].u_pe/DSP_A_B_DATA_INST
                         LUT4 (Prop_LUT4_I0_O)        0.058     1.205 f  u_mc/PE_LANE[0].u_pe/m1_i_16__14/O
                         net (fo=1, unplaced)         0.252     1.457    u_mc/PE_LANE[0].u_pe/m1/B[0]
                         DSP_A_B_DATA (Prop_DSP_A_B_DATA_B[0]_B2_DATA[0])
                                                      0.216     1.673 r  u_mc/PE_LANE[0].u_pe/m1/DSP_A_B_DATA_INST/B2_DATA[0]
                         net (fo=1, unplaced)         0.000     1.673    u_mc/PE_LANE[0].u_pe/m1/DSP_A_B_DATA.B2_DATA<0>
                         DSP_PREADD_DATA (Prop_DSP_PREADD_DATA_B2_DATA[0]_B2B1[0])
                                                      0.097     1.770 r  u_mc/PE_LANE[0].u_pe/m1/DSP_PREADD_DATA_INST/B2B1[0]
                         net (fo=1, unplaced)         0.000     1.770    u_mc/PE_LANE[0].u_pe/m1/DSP_PREADD_DATA.B2B1<0>
                         DSP_MULTIPLIER (Prop_DSP_MULTIPLIER_B2B1[0]_V[0])
                                                      0.778     2.548 f  u_mc/PE_LANE[0].u_pe/m1/DSP_MULTIPLIER_INST/V[0]
                         net (fo=1, unplaced)         0.000     2.548    u_mc/PE_LANE[0].u_pe/m1/DSP_MULTIPLIER.V<0>
                         DSP_M_DATA (Prop_DSP_M_DATA_V[0]_V_DATA[0])
                                                      0.065     2.613 r  u_mc/PE_LANE[0].u_pe/m1/DSP_M_DATA_INST/V_DATA[0]
                         net (fo=1, unplaced)         0.000     2.613    u_mc/PE_LANE[0].u_pe/m1/DSP_M_DATA.V_DATA<0>
                         DSP_ALU (Prop_DSP_ALU_V_DATA[0]_ALU_OUT[0])
                                                      0.722     3.335 f  u_mc/PE_LANE[0].u_pe/m1/DSP_ALU_INST/ALU_OUT[0]
                         net (fo=1, unplaced)         0.000     3.335    u_mc/PE_LANE[0].u_pe/m1/DSP_ALU.ALU_OUT<0>
                         DSP_OUTPUT (Prop_DSP_OUTPUT_ALU_OUT[0]_P[0])
                                                      0.146     3.481 r  u_mc/PE_LANE[0].u_pe/m1/DSP_OUTPUT_INST/P[0]
                         net (fo=3, unplaced)         0.145     3.626    u_mc/PE_LANE[0].u_pe/m12_sum/C[0]
                         DSP_C_DATA (Prop_DSP_C_DATA_C[0]_C_DATA[0])
                                                      0.135     3.761 r  u_mc/PE_LANE[0].u_pe/m12_sum/DSP_C_DATA_INST/C_DATA[0]
                         net (fo=2, unplaced)         0.000     3.761    u_mc/PE_LANE[0].u_pe/m12_sum/DSP_C_DATA.C_DATA<0>
                         DSP_ALU (Prop_DSP_ALU_C_DATA[0]_ALU_OUT[0])
                                                      0.786     4.547 f  u_mc/PE_LANE[0].u_pe/m12_sum/DSP_ALU_INST/ALU_OUT[0]
                         net (fo=1, unplaced)         0.000     4.547    u_mc/PE_LANE[0].u_pe/m12_sum/DSP_ALU.ALU_OUT<0>
                         DSP_OUTPUT (Prop_DSP_OUTPUT_ALU_OUT[0]_P[0])
                                                      0.146     4.693 r  u_mc/PE_LANE[0].u_pe/m12_sum/DSP_OUTPUT_INST/P[0]
                         net (fo=2, unplaced)         0.230     4.923    u_mc/PE_LANE[0].u_pe/m12_sum__0[0]
                         LUT6 (Prop_LUT6_I2_O)        0.152     5.075 r  u_mc/PE_LANE[0].u_pe/acc_raw[7]_i_28__0/O
                         net (fo=1, unplaced)         0.022     5.097    u_mc/PE_LANE[0].u_pe/acc_raw[7]_i_28__0_n_0
                         CARRY8 (Prop_CARRY8_S[0]_CO[7])
                                                      0.286     5.383 r  u_mc/PE_LANE[0].u_pe/acc_raw_reg[7]_i_4__14/CO[7]
                         net (fo=1, unplaced)         0.006     5.389    u_mc/PE_LANE[0].u_pe/acc_raw_reg[7]_i_4__14_n_0
                         CARRY8 (Prop_CARRY8_CI_CO[7])
                                                      0.073     5.462 r  u_mc/PE_LANE[0].u_pe/acc_raw_reg[15]_i_3__14/CO[7]
                         net (fo=1, unplaced)         0.006     5.468    u_mc/PE_LANE[0].u_pe/acc_raw_reg[15]_i_3__14_n_0
                         CARRY8 (Prop_CARRY8_CI_CO[7])
                                                      0.073     5.541 r  u_mc/PE_LANE[0].u_pe/acc_raw_reg[29]_i_4__0/CO[7]
                         net (fo=1, unplaced)         0.006     5.547    u_mc/PE_LANE[0].u_pe/acc_raw_reg[29]_i_4__0_n_0
                         CARRY8 (Prop_CARRY8_CI_CO[7])
                                                      0.073     5.620 r  u_mc/PE_LANE[0].u_pe/acc_raw_reg[29]_i_3__0/CO[7]
                         net (fo=1, unplaced)         0.006     5.626    u_mc/PE_LANE[0].u_pe/acc_raw_reg[29]_i_3__0_n_0
                         CARRY8 (Prop_CARRY8_CI_O[0])
                                                      0.078     5.704 r  u_mc/PE_LANE[0].u_pe/acc_raw_reg[39]_i_2__0/O[0]
                         net (fo=4, unplaced)         0.230     5.934    PE_LANE[0].u_pe/mac_acc[32]
                         LUT3 (Prop_LUT3_I2_O)        0.092     6.026 f  out_val[15]_i_131__0/O
                         net (fo=1, unplaced)         0.218     6.244    u_mc/PE_LANE[0].u_pe/out_val[15]_i_44__14_0
                         LUT6 (Prop_LUT6_I4_O)        0.058     6.302 r  u_mc/PE_LANE[0].u_pe/out_val[15]_i_87__14/O
                         net (fo=2, unplaced)         0.218     6.520    u_mc/PE_LANE[0].u_pe/out_val[15]_i_87__14_n_0
                         LUT6 (Prop_LUT6_I5_O)        0.058     6.578 f  u_mc/PE_LANE[0].u_pe/out_val[15]_i_44__14/O
                         net (fo=1, unplaced)         0.220     6.798    u_mc/PE_LANE[0].u_pe/out_val[15]_i_44__14_n_0
                         CARRY8 (Prop_CARRY8_DI[3]_CO[7])
                                                      0.195     6.993 f  u_mc/PE_LANE[0].u_pe/out_val_reg[15]_i_14__14/CO[7]
                         net (fo=1, unplaced)         0.006     6.999    u_mc/PE_LANE[0].u_pe/out_val_reg[15]_i_14__14_n_0
                         CARRY8 (Prop_CARRY8_CI_CO[4])
                                                      0.128     7.127 f  u_mc/PE_LANE[0].u_pe/out_val_reg[15]_i_4__14/CO[4]
                         net (fo=16, unplaced)        0.242     7.369    u_mc/PE_LANE[0].u_pe/sat1613_in
                         LUT6 (Prop_LUT6_I3_O)        0.058     7.427 r  u_mc/PE_LANE[0].u_pe/out_val[0]_i_2__14/O
                         net (fo=1, unplaced)         0.218     7.645    u_mc/PE_LANE[0].u_pe/out_val[0]_i_2__14_n_0
                         LUT6 (Prop_LUT6_I2_O)        0.058     7.703 r  u_mc/PE_LANE[0].u_pe/out_val[0]_i_1__14/O
                         net (fo=1, unplaced)         0.067     7.770    u_mc/PE_LANE[0].u_pe/out_val[0]_i_1__14_n_0
                         FDCE                                         r  u_mc/PE_LANE[0].u_pe/out_val_reg[0]/D
  -------------------------------------------------------------------    -------------------

                         (clock clk rise edge)       10.000    10.000 r  
                                                      0.000    10.000 r  clk (IN)
                         net (fo=6002, unset)         0.029    10.029    u_mc/PE_LANE[0].u_pe/clk
                         FDCE                                         r  u_mc/PE_LANE[0].u_pe/out_val_reg[0]/C
                         clock pessimism              0.000    10.029    
                         clock uncertainty           -0.185     9.844    
                         FDCE (Setup_FDCE_C_D)        0.044     9.888    u_mc/PE_LANE[0].u_pe/out_val_reg[0]
  -------------------------------------------------------------------
                         required time                          9.888    
                         arrival time                          -7.770    
  -------------------------------------------------------------------
                         slack                                  2.118    





Min Delay Paths
--------------------------------------------------------------------------------------
Slack (MET) :             0.059ns  (arrival time - required time)
  Source:                 u_mc/PE_LANE[0].u_pe/out_val2_reg[0]/C
                            (rising edge-triggered cell FDCE clocked by clk  {rise@0.000ns fall@5.000ns period=10.000ns})
  Destination:            m6_dB_reg_reg[0]/D
                            (rising edge-triggered cell FDCE clocked by clk  {rise@0.000ns fall@5.000ns period=10.000ns})
  Path Group:             clk
  Path Type:              Hold (Min at Fast Process Corner)
  Requirement:            0.000ns  (clk rise@0.000ns - clk rise@0.000ns)
  Data Path Delay:        0.158ns  (logic 0.084ns (53.165%)  route 0.074ns (46.835%))
  Logic Levels:           0  
  Clock Path Skew:        0.005ns (DCD - SCD - CPR)
    Destination Clock Delay (DCD):    0.019ns
    Source Clock Delay      (SCD):    0.014ns
    Clock Pessimism Removal (CPR):    -0.000ns
  Clock Uncertainty:      0.050ns  ((TSJ^2 + TIJ^2)^1/2 + DJ) / 2 + PE + UU
    Total System Jitter     (TSJ):    0.000ns
    Total Input Jitter      (TIJ):    0.000ns
    Discrete Jitter          (DJ):    0.000ns
    Phase Error              (PE):    0.000ns
    User Uncertainty         (UU):    0.050ns

    Location             Delay type                Incr(ns)  Path(ns)    Netlist Resource(s)
  -------------------------------------------------------------------    -------------------
                         (clock clk rise edge)        0.000     0.000 r  
                                                      0.000     0.000 r  clk (IN)
                         net (fo=6002, unset)         0.014     0.014    u_mc/PE_LANE[0].u_pe/clk
                         FDCE                                         r  u_mc/PE_LANE[0].u_pe/out_val2_reg[0]/C
  -------------------------------------------------------------------    -------------------
                         FDCE (Prop_FDCE_C_Q)         0.084     0.098 r  u_mc/PE_LANE[0].u_pe/out_val2_reg[0]/Q
                         net (fo=2, unplaced)         0.074     0.172    cl_out_vec2[0]
                         FDCE                                         r  m6_dB_reg_reg[0]/D
  -------------------------------------------------------------------    -------------------

                         (clock clk rise edge)        0.000     0.000 r  
                                                      0.000     0.000 r  clk (IN)
                         net (fo=6002, unset)         0.019     0.019    clk
                         FDCE                                         r  m6_dB_reg_reg[0]/C
                         clock pessimism              0.000     0.019    
                         clock uncertainty            0.050     0.069    
                         FDCE (Hold_FDCE_C_D)         0.044     0.113    m6_dB_reg_reg[0]
  -------------------------------------------------------------------
                         required time                         -0.113    
                         arrival time                           0.172    
  -------------------------------------------------------------------
                         slack                                  0.059    





Pulse Width Checks
--------------------------------------------------------------------------------------
Clock Name:         clk
Waveform(ns):       { 0.000 5.000 }
Period(ns):         10.000
Sources:            { clk }

Check Type        Corner  Lib Pin      Reference Pin  Required(ns)  Actual(ns)  Slack(ns)  Location  Pin
Min Period        n/a     URAM288/CLK  n/a            2.471         10.000      7.529                u_mc/u_hrf/mem_reg_uram_0/CLK
Low Pulse Width   Slow    URAM288/CLK  n/a            0.800         5.000       4.200                u_mc/u_hrf/mem_reg_uram_0/CLK
High Pulse Width  Slow    URAM288/CLK  n/a            0.800         5.000       4.200                u_mc/u_hrf/mem_reg_uram_0/CLK



