Copyright 1986-2022 Xilinx, Inc. All Rights Reserved.
----------------------------------------------------------------------------------------------
| Tool Version      : Vivado v.2022.1 (win64) Build 3526262 Mon Apr 18 15:48:16 MDT 2022
| Date              : Sun Jun  7 12:21:53 2026
| Host              : letun running 64-bit major release  (build 9200)
| Command           : report_timing_summary -file reports/inception/timing_summary_routed.rpt
| Design            : Inception_Top
| Device            : xck26-sfvc784
| Speed File        : -2LV  PRODUCTION 1.29 08-03-2020
| Temperature Grade : C
----------------------------------------------------------------------------------------------

Timing Summary Report

------------------------------------------------------------------------------------------------
| Timer Settings
| --------------
------------------------------------------------------------------------------------------------

  Enable Multi Corner Analysis               :  Yes
  Enable Pessimism Removal                   :  Yes
  Pessimism Removal Resolution               :  Nearest Common Node
  Enable Input Delay Default Clock           :  No
  Enable Preset / Clear Arcs                 :  No
  Disable Flight Delays                      :  No
  Ignore I/O Paths                           :  No
  Timing Early Launch at Borrowing Latches   :  No
  Borrow Time for Max Delay Exceptions       :  Yes
  Merge Timing Exceptions                    :  Yes

  Corner  Analyze    Analyze    
  Name    Max Paths  Min Paths  
  ------  ---------  ---------  
  Slow    Yes        Yes        
  Fast    Yes        Yes        


------------------------------------------------------------------------------------------------
| Report Methodology
| ------------------
------------------------------------------------------------------------------------------------

No report available as report_methodology has not been run prior. Run report_methodology on the current design for the summary of methodology violations.



check_timing report

Table of Contents
-----------------
1. checking no_clock (0)
2. checking constant_clock (0)
3. checking pulse_width_clock (0)
4. checking unconstrained_internal_endpoints (0)
5. checking no_input_delay (314)
6. checking no_output_delay (261)
7. checking multiple_clock (0)
8. checking generated_clocks (0)
9. checking loops (0)
10. checking partial_input_delay (0)
11. checking partial_output_delay (0)
12. checking latch_loops (0)

1. checking no_clock (0)
------------------------
 There are 0 register/latch pins with no clock.


2. checking constant_clock (0)
------------------------------
 There are 0 register/latch pins with constant_clock.


3. checking pulse_width_clock (0)
---------------------------------
 There are 0 register/latch pins which need pulse_width check


4. checking unconstrained_internal_endpoints (0)
------------------------------------------------
 There are 0 pins that are not constrained for maximum delay.

 There are 0 pins that are not constrained for maximum delay due to constant clock.


5. checking no_input_delay (314)
--------------------------------
 There are 313 input ports with no input delay specified. (HIGH)

 There is 1 input port with no input delay but user has a false path constraint. (MEDIUM)


6. checking no_output_delay (261)
---------------------------------
 There are 261 ports with no output delay specified. (HIGH)

 There are 0 ports with no output delay but user has a false path constraint

 There are 0 ports with no output delay but with a timing clock defined on it or propagating through it


7. checking multiple_clock (0)
------------------------------
 There are 0 register/latch pins with multiple clocks.


8. checking generated_clocks (0)
--------------------------------
 There are 0 generated clocks that are not connected to a clock source.


9. checking loops (0)
---------------------
 There are 0 combinational loops in the design.


10. checking partial_input_delay (0)
------------------------------------
 There are 0 input ports with partial input delay specified.


11. checking partial_output_delay (0)
-------------------------------------
 There are 0 ports with partial output delay specified.


12. checking latch_loops (0)
----------------------------
 There are 0 combinational latch loops in the design through latch input



------------------------------------------------------------------------------------------------
| Design Timing Summary
| ---------------------
------------------------------------------------------------------------------------------------

    WNS(ns)      TNS(ns)  TNS Failing Endpoints  TNS Total Endpoints      WHS(ns)      THS(ns)  THS Failing Endpoints  THS Total Endpoints     WPWS(ns)     TPWS(ns)  TPWS Failing Endpoints  TPWS Total Endpoints  
    -------      -------  ---------------------  -------------------      -------      -------  ---------------------  -------------------     --------     --------  ----------------------  --------------------  
      1.973        0.000                      0                 8848        0.096        0.000                      0                 8848        4.200        0.000                       0                  2379  


All user specified timing constraints are met.


------------------------------------------------------------------------------------------------
| Clock Summary
| -------------
------------------------------------------------------------------------------------------------

Clock  Waveform(ns)       Period(ns)      Frequency(MHz)
-----  ------------       ----------      --------------
clk    {0.000 5.000}      10.000          100.000         


------------------------------------------------------------------------------------------------
| Intra Clock Table
| -----------------
------------------------------------------------------------------------------------------------

Clock             WNS(ns)      TNS(ns)  TNS Failing Endpoints  TNS Total Endpoints      WHS(ns)      THS(ns)  THS Failing Endpoints  THS Total Endpoints     WPWS(ns)     TPWS(ns)  TPWS Failing Endpoints  TPWS Total Endpoints  
-----             -------      -------  ---------------------  -------------------      -------      -------  ---------------------  -------------------     --------     --------  ----------------------  --------------------  
clk                 1.973        0.000                      0                 8848        0.096        0.000                      0                 8848        4.200        0.000                       0                  2379  


------------------------------------------------------------------------------------------------
| Inter Clock Table
| -----------------
------------------------------------------------------------------------------------------------

From Clock    To Clock          WNS(ns)      TNS(ns)  TNS Failing Endpoints  TNS Total Endpoints      WHS(ns)      THS(ns)  THS Failing Endpoints  THS Total Endpoints  
----------    --------          -------      -------  ---------------------  -------------------      -------      -------  ---------------------  -------------------  


------------------------------------------------------------------------------------------------
| Other Path Groups Table
| -----------------------
------------------------------------------------------------------------------------------------

Path Group    From Clock    To Clock          WNS(ns)      TNS(ns)  TNS Failing Endpoints  TNS Total Endpoints      WHS(ns)      THS(ns)  THS Failing Endpoints  THS Total Endpoints  
----------    ----------    --------          -------      -------  ---------------------  -------------------      -------      -------  ---------------------  -------------------  


------------------------------------------------------------------------------------------------
| Timing Details
| --------------
------------------------------------------------------------------------------------------------


---------------------------------------------------------------------------------------------------
From Clock:  clk
  To Clock:  clk

Setup :            0  Failing Endpoints,  Worst Slack        1.973ns,  Total Violation        0.000ns
Hold  :            0  Failing Endpoints,  Worst Slack        0.096ns,  Total Violation        0.000ns
PW    :            0  Failing Endpoints,  Worst Slack        4.200ns,  Total Violation        0.000ns
---------------------------------------------------------------------------------------------------


Max Delay Paths
--------------------------------------------------------------------------------------
Slack (MET) :             1.973ns  (required time - arrival time)
  Source:                 u_core/mem_sys/ram_b/ram_reg_uram_10/CLK
                            (rising edge-triggered cell URAM288 clocked by clk  {rise@0.000ns fall@5.000ns period=10.000ns})
  Destination:            u_core/pe_A_reg[13]/D
                            (rising edge-triggered cell FDCE clocked by clk  {rise@0.000ns fall@5.000ns period=10.000ns})
  Path Group:             clk
  Path Type:              Setup (Max at Slow Process Corner)
  Requirement:            10.000ns  (clk rise@10.000ns - clk rise@0.000ns)
  Data Path Delay:        7.947ns  (logic 3.801ns (47.827%)  route 4.146ns (52.173%))
  Logic Levels:           10  (CARRY8=1 LUT3=1 LUT5=1 LUT6=3 URAM288=4)
  Clock Path Skew:        -0.087ns (DCD - SCD + CPR)
    Destination Clock Delay (DCD):    0.030ns = ( 10.030 - 10.000 ) 
    Source Clock Delay      (SCD):    0.117ns
    Clock Pessimism Removal (CPR):    0.000ns
  Clock Uncertainty:      0.035ns  ((TSJ^2 + TIJ^2)^1/2 + DJ) / 2 + PE
    Total System Jitter     (TSJ):    0.071ns
    Total Input Jitter      (TIJ):    0.000ns
    Discrete Jitter          (DJ):    0.000ns
    Phase Error              (PE):    0.000ns

    Location             Delay type                Incr(ns)  Path(ns)    Netlist Resource(s)
  -------------------------------------------------------------------    -------------------
                         (clock clk rise edge)        0.000     0.000 r  
                                                      0.000     0.000 r  clk (IN)
                         net (fo=2378, unset)         0.117     0.117    u_core/mem_sys/ram_b/clk
    URAM288_X0Y24        URAM288                                      r  u_core/mem_sys/ram_b/ram_reg_uram_10/CLK
  -------------------------------------------------------------------    -------------------
    URAM288_X0Y24        URAM288 (Prop_URAM_288K_INST_URAM288_CLK_CAS_OUT_DOUT_A[24])
                                                      1.772     1.889 r  u_core/mem_sys/ram_b/ram_reg_uram_10/CAS_OUT_DOUT_A[24]
                         net (fo=1, routed)           0.001     1.890    u_core/mem_sys/ram_b/ram_reg_uram_11_Cas_DoutA_1[24]
    URAM288_X0Y25        URAM288 (Prop_URAM_288K_INST_URAM288_CAS_IN_DOUT_A[24]_CAS_OUT_DOUT_A[24])
                                                      0.245     2.135 r  u_core/mem_sys/ram_b/ram_reg_uram_11/CAS_OUT_DOUT_A[24]
                         net (fo=1, routed)           0.001     2.136    u_core/mem_sys/ram_b/ram_reg_uram_12_Cas_DoutA_2[24]
    URAM288_X0Y26        URAM288 (Prop_URAM_288K_INST_URAM288_CAS_IN_DOUT_A[24]_CAS_OUT_DOUT_A[24])
                                                      0.245     2.381 r  u_core/mem_sys/ram_b/ram_reg_uram_12/CAS_OUT_DOUT_A[24]
                         net (fo=1, routed)           0.001     2.382    u_core/mem_sys/ram_b/ram_reg_uram_13_Cas_DoutA_3[24]
    URAM288_X0Y27        URAM288 (Prop_URAM_288K_INST_URAM288_CAS_IN_DOUT_A[24]_CAS_OUT_DOUT_A[24])
                                                      0.245     2.627 r  u_core/mem_sys/ram_b/ram_reg_uram_13/CAS_OUT_DOUT_A[24]
                         net (fo=1, routed)           0.001     2.628    u_core/mem_sys/ram_b/ram_reg_uram_14_Cas_DoutA_4[24]
    URAM288_X0Y28        URAM288 (Prop_URAM_288K_INST_URAM288_CAS_IN_DOUT_A[24]_DOUT_A[24])
                                                      0.269     2.897 r  u_core/mem_sys/ram_b/ram_reg_uram_14/DOUT_A[24]
                         net (fo=6, routed)           1.439     4.336    u_core/mem_sys/ram_b/out_ram_b[168]
    SLICE_X48Y96         LUT3 (Prop_H5LUT_SLICEL_I0_O)
                                                      0.088     4.424 r  u_core/mem_sys/ram_b/incep_reg[168]_i_1/O
                         net (fo=4, routed)           0.338     4.762    u_core/mem_sys/ram_b/D[168]
    SLICE_X44Y96         LUT6 (Prop_E6LUT_SLICEL_I4_O)
                                                      0.187     4.949 r  u_core/mem_sys/ram_b/max_buf[175]_i_14/O
                         net (fo=1, routed)           0.011     4.960    u_core/mem_sys/ram_b/max_buf[175]_i_14_n_0
    SLICE_X44Y96         CARRY8 (Prop_CARRY8_SLICEL_S[4]_CO[7])
                                                      0.240     5.200 r  u_core/mem_sys/ram_b/max_buf_reg[175]_i_2/CO[7]
                         net (fo=48, routed)          0.556     5.756    u_core/mem_sys/ram_b/max_buf_reg[175]_i_2_n_0
    SLICE_X47Y95         LUT5 (Prop_B6LUT_SLICEL_I1_O)
                                                      0.138     5.894 r  u_core/mem_sys/ram_b/pe_A[13]_i_13/O
                         net (fo=1, routed)           0.493     6.387    u_core/mem_sys/ram_b/pe_A[13]_i_13_n_0
    SLICE_X43Y95         LUT6 (Prop_E6LUT_SLICEM_I1_O)
                                                      0.152     6.539 f  u_core/mem_sys/ram_b/pe_A[13]_i_4/O
                         net (fo=1, routed)           1.209     7.748    u_core/mem_sys/ram_b/pe_A[13]_i_4_n_0
    SLICE_X43Y155        LUT6 (Prop_D6LUT_SLICEM_I3_O)
                                                      0.220     7.968 r  u_core/mem_sys/ram_b/pe_A[13]_i_1/O
                         net (fo=1, routed)           0.096     8.064    u_core/mem_sys_n_258
    SLICE_X43Y155        FDCE                                         r  u_core/pe_A_reg[13]/D
  -------------------------------------------------------------------    -------------------

                         (clock clk rise edge)       10.000    10.000 r  
                                                      0.000    10.000 r  clk (IN)
                         net (fo=2378, unset)         0.030    10.030    u_core/clk
    SLICE_X43Y155        FDCE                                         r  u_core/pe_A_reg[13]/C
                         clock pessimism              0.000    10.030    
                         clock uncertainty           -0.035     9.995    
    SLICE_X43Y155        FDCE (Setup_DFF_SLICEM_C_D)
                                                      0.043    10.038    u_core/pe_A_reg[13]
  -------------------------------------------------------------------
                         required time                         10.038    
                         arrival time                          -8.064    
  -------------------------------------------------------------------
                         slack                                  1.973    





Min Delay Paths
--------------------------------------------------------------------------------------
Slack (MET) :             0.096ns  (arrival time - required time)
  Source:                 u_core/c_grp_reg[0]/C
                            (rising edge-triggered cell FDCE clocked by clk  {rise@0.000ns fall@5.000ns period=10.000ns})
  Destination:            u_core/c_rd_addr_reg[1]/D
                            (rising edge-triggered cell FDCE clocked by clk  {rise@0.000ns fall@5.000ns period=10.000ns})
  Path Group:             clk
  Path Type:              Hold (Min at Fast Process Corner)
  Requirement:            0.000ns  (clk rise@0.000ns - clk rise@0.000ns)
  Data Path Delay:        0.147ns  (logic 0.106ns (71.912%)  route 0.041ns (28.088%))
  Logic Levels:           1  (LUT5=1)
  Clock Path Skew:        0.006ns (DCD - SCD - CPR)
    Destination Clock Delay (DCD):    0.020ns
    Source Clock Delay      (SCD):    0.014ns
    Clock Pessimism Removal (CPR):    -0.000ns

    Location             Delay type                Incr(ns)  Path(ns)    Netlist Resource(s)
  -------------------------------------------------------------------    -------------------
                         (clock clk rise edge)        0.000     0.000 r  
                                                      0.000     0.000 r  clk (IN)
                         net (fo=2378, unset)         0.014     0.014    u_core/clk
    SLICE_X46Y107        FDCE                                         r  u_core/c_grp_reg[0]/C
  -------------------------------------------------------------------    -------------------
    SLICE_X46Y107        FDCE (Prop_HFF_SLICEL_C_Q)
                                                      0.084     0.098 r  u_core/c_grp_reg[0]/Q
                         net (fo=62, routed)          0.034     0.132    u_core/c_grp_reg_n_0_[0]
    SLICE_X46Y107        LUT5 (Prop_G5LUT_SLICEL_I0_O)
                                                      0.022     0.154 r  u_core/c_rd_addr[1]_i_1/O
                         net (fo=1, routed)           0.007     0.161    u_core/c_rd_addr[1]
    SLICE_X46Y107        FDCE                                         r  u_core/c_rd_addr_reg[1]/D
  -------------------------------------------------------------------    -------------------

                         (clock clk rise edge)        0.000     0.000 r  
                                                      0.000     0.000 r  clk (IN)
                         net (fo=2378, unset)         0.020     0.020    u_core/clk
    SLICE_X46Y107        FDCE                                         r  u_core/c_rd_addr_reg[1]/C
                         clock pessimism              0.000     0.020    
    SLICE_X46Y107        FDCE (Hold_GFF2_SLICEL_C_D)
                                                      0.045     0.065    u_core/c_rd_addr_reg[1]
  -------------------------------------------------------------------
                         required time                         -0.065    
                         arrival time                           0.161    
  -------------------------------------------------------------------
                         slack                                  0.096    





Pulse Width Checks
--------------------------------------------------------------------------------------
Clock Name:         clk
Waveform(ns):       { 0.000 5.000 }
Period(ns):         10.000
Sources:            { clk }

Check Type        Corner  Lib Pin      Reference Pin  Required(ns)  Actual(ns)  Slack(ns)  Location       Pin
Min Period        n/a     URAM288/CLK  n/a            2.471         10.000      7.529      URAM288_X0Y48  u_core/mem_sys/ram_a/ram_reg_uram_0/CLK
Low Pulse Width   Slow    URAM288/CLK  n/a            0.800         5.000       4.200      URAM288_X0Y48  u_core/mem_sys/ram_a/ram_reg_uram_0/CLK
High Pulse Width  Slow    URAM288/CLK  n/a            0.800         5.000       4.200      URAM288_X0Y48  u_core/mem_sys/ram_a/ram_reg_uram_0/CLK



